[2026-02-23 19:19:18.845381 +00:00] WARN [rustfs::server::http] [rustfs/src/server/http.rs:651] [rustfs-worker:ThreadId(25)] Failed to propagate tracing context: `SpanDisabled`

[2026-02-23 19:19:18.861432 +00:00] WARN [rustfs::server::http] [rustfs/src/server/http.rs:651] [rustfs-worker:ThreadId(33)] Failed to propagate tracing context: `SpanDisabled`

[2026-02-23 19:19:23.917710 +00:00] WARN [rustfs::server::http] [rustfs/src/server/http.rs:793] [rustfs-worker:ThreadId(22)] The HTTP connection timed out (HeaderTimeout): read header from client timeout

[2026-02-23 19:30:17.378358 +00:00] WARN [rustfs::server::http] [rustfs/src/server/http.rs:651] [rustfs-worker:ThreadId(18)] Failed to propagate tracing context: `SpanDisabled`

[2026-02-23 19:30:22.399567 +00:00] WARN [rustfs::server::http] [rustfs/src/server/http.rs:793] [rustfs-worker:ThreadId(25)] The HTTP connection timed out (HeaderTimeout): read header from client timeout

[2026-02-23 19:37:20.656565 +00:00] WARN [rustfs::server::http] [rustfs/src/server/http.rs:651] [rustfs-worker:ThreadId(25)] Failed to propagate tracing context: `SpanDisabled`

[2026-02-23 19:37:25.675299 +00:00] WARN [rustfs::server::http] [rustfs/src/server/http.rs:793] [rustfs-worker:ThreadId(18)] The HTTP connection timed out (HeaderTimeout): read header from client timeout

[2026-02-23 19:41:16.940136 +00:00] WARN [rustfs::server::http] [rustfs/src/server/http.rs:651] [rustfs-worker:ThreadId(18)] Failed to propagate tracing context: `SpanDisabled`

[2026-02-23 19:41:21.947400 +00:00] WARN [rustfs::server::http] [rustfs/src/server/http.rs:793] [rustfs-worker:ThreadId(25)] The HTTP connection timed out (HeaderTimeout): read header from client timeout

[2026-02-23 19:45:41.462457 +00:00] WARN [rustfs::server::http] [rustfs/src/server/http.rs:651] [rustfs-worker:ThreadId(33)] Failed to propagate tracing context: `SpanDisabled`

[2026-02-23 19:45:42.072456 +00:00] WARN [rustfs::server::http] [rustfs/src/server/http.rs:651] [rustfs-worker:ThreadId(22)] Failed to propagate tracing context: `SpanDisabled`

[2026-02-23 19:45:42.096604 +00:00] WARN [rustfs_ecstore::disk::local] [crates/ecstore/src/disk/local.rs:702] [rustfs-worker:ThreadId(33)] read_raw: error: FileNotFound

[2026-02-23 19:45:47.107909 +00:00] WARN [rustfs::server::http] [rustfs/src/server/http.rs:793] [rustfs-worker:ThreadId(25)] The HTTP connection timed out (HeaderTimeout): read header from client timeout

[2026-02-23 19:45:59.683431 +00:00] WARN [rustfs::server::http] [rustfs/src/server/http.rs:651] [rustfs-worker:ThreadId(22)] Failed to propagate tracing context: `SpanDisabled`

[2026-02-23 19:46:04.928217 +00:00] WARN [rustfs::server::http] [rustfs/src/server/http.rs:793] [rustfs-worker:ThreadId(22)] The HTTP connection timed out (HeaderTimeout): read header from client timeout

[2026-02-23 19:46:16.677074 +00:00] WARN [rustfs_scanner::scanner_folder] [crates/scanner/src/scanner_folder.rs:619] [rustfs-worker:ThreadId(33)] scan_folder: failed to get size for item /data/sboms/sboms/sha256_341bf0f3ce6c5277d6002cf6e1fb0319fa4252add24ab6a0e262e0056d313208.syft.json/5c2993f8-01c8-45fa-99c1-4580c254a16e/part.1: Io error: skip file

[2026-02-23 19:47:17.364592 +00:00] WARN [rustfs_scanner::scanner_folder] [crates/scanner/src/scanner_folder.rs:619] [rustfs-worker:ThreadId(25)] scan_folder: failed to get size for item /data/sboms/sboms/sha256_341bf0f3ce6c5277d6002cf6e1fb0319fa4252add24ab6a0e262e0056d313208.syft.json/5c2993f8-01c8-45fa-99c1-4580c254a16e/part.1: Io error: skip file

[2026-02-23 19:47:25.508458 +00:00] WARN [rustfs::server::http] [rustfs/src/server/http.rs:651] [rustfs-worker:ThreadId(25)] Failed to propagate tracing context: `SpanDisabled`

[2026-02-23 19:47:25.854105 +00:00] WARN [rustfs::server::http] [rustfs/src/server/http.rs:651] [rustfs-worker:ThreadId(18)] Failed to propagate tracing context: `SpanDisabled`

[2026-02-23 19:47:25.915597 +00:00] WARN [rustfs::server::http] [rustfs/src/server/http.rs:651] [rustfs-worker:ThreadId(18)] Failed to propagate tracing context: `SpanDisabled`

[2026-02-23 19:47:28.234530 +00:00] WARN [rustfs::server::http] [rustfs/src/server/http.rs:651] [rustfs-worker:ThreadId(21)] Failed to propagate tracing context: `SpanDisabled`

[2026-02-23 19:47:28.448643 +00:00] WARN [rustfs::server::http] [rustfs/src/server/http.rs:651] [rustfs-worker:ThreadId(18)] Failed to propagate tracing context: `SpanDisabled`

[2026-02-23 19:47:28.462449 +00:00] WARN [rustfs::server::http] [rustfs/src/server/http.rs:651] [rustfs-worker:ThreadId(18)] Failed to propagate tracing context: `SpanDisabled`

[2026-02-23 19:47:30.254751 +00:00] WARN [rustfs::server::http] [rustfs/src/server/http.rs:651] [rustfs-worker:ThreadId(25)] Failed to propagate tracing context: `SpanDisabled`

[2026-02-23 19:47:35.350594 +00:00] WARN [rustfs::server::http] [rustfs/src/server/http.rs:793] [rustfs-worker:ThreadId(25)] The HTTP connection timed out (HeaderTimeout): read header from client timeout

[2026-02-23 19:48:18.046028 +00:00] WARN [rustfs_scanner::scanner_folder] [crates/scanner/src/scanner_folder.rs:619] [rustfs-worker:ThreadId(21)] scan_folder: failed to get size for item /data/sboms/reports/sha256_341bf0f3ce6c5277d6002cf6e1fb0319fa4252add24ab6a0e262e0056d313208.scan-1.grype.json/ccb676bf-fe72-492e-a23d-0750d322bbfa/part.1: Io error: skip file

[2026-02-23 19:48:18.056441 +00:00] WARN [rustfs_scanner::scanner_folder] [crates/scanner/src/scanner_folder.rs:619] [rustfs-worker:ThreadId(21)] scan_folder: failed to get size for item /data/sboms/reports/sha256_341bf0f3ce6c5277d6002cf6e1fb0319fa4252add24ab6a0e262e0056d313208.scan-2.grype.json/4dcfa8fb-8aa8-4df1-b6b9-53e465f507bb/part.1: Io error: skip file

[2026-02-23 19:48:18.064839 +00:00] WARN [rustfs_scanner::scanner_folder] [crates/scanner/src/scanner_folder.rs:619] [rustfs-worker:ThreadId(21)] scan_folder: failed to get size for item /data/sboms/reports/sha256_341bf0f3ce6c5277d6002cf6e1fb0319fa4252add24ab6a0e262e0056d313208.scan-3.grype.json/58c4ea8d-339e-4309-8a84-1bf8fe846c45/part.1: Io error: skip file

[2026-02-23 19:48:18.076836 +00:00] WARN [rustfs_scanner::scanner_folder] [crates/scanner/src/scanner_folder.rs:619] [rustfs-worker:ThreadId(21)] scan_folder: failed to get size for item /data/sboms/sboms/sha256_341bf0f3ce6c5277d6002cf6e1fb0319fa4252add24ab6a0e262e0056d313208.syft.json/5c2993f8-01c8-45fa-99c1-4580c254a16e/part.1: Io error: skip file

[2026-02-23 19:54:14.554191 +00:00] WARN [rustfs_scanner::scanner_folder] [crates/scanner/src/scanner_folder.rs:619] [rustfs-worker:ThreadId(21)] scan_folder: failed to get size for item /data/sboms/reports/sha256_341bf0f3ce6c5277d6002cf6e1fb0319fa4252add24ab6a0e262e0056d313208.scan-1.grype.json/ccb676bf-fe72-492e-a23d-0750d322bbfa/part.1: Io error: skip file

[2026-02-23 19:54:15.256536 +00:00] WARN [rustfs_scanner::scanner_folder] [crates/scanner/src/scanner_folder.rs:619] [rustfs-worker:ThreadId(25)] scan_folder: failed to get size for item /data/sboms/reports/sha256_341bf0f3ce6c5277d6002cf6e1fb0319fa4252add24ab6a0e262e0056d313208.scan-2.grype.json/4dcfa8fb-8aa8-4df1-b6b9-53e465f507bb/part.1: Io error: skip file

[2026-02-23 19:54:15.774594 +00:00] WARN [rustfs_scanner::scanner_folder] [crates/scanner/src/scanner_folder.rs:619] [rustfs-worker:ThreadId(18)] scan_folder: failed to get size for item /data/sboms/reports/sha256_341bf0f3ce6c5277d6002cf6e1fb0319fa4252add24ab6a0e262e0056d313208.scan-3.grype.json/58c4ea8d-339e-4309-8a84-1bf8fe846c45/part.1: Io error: skip file

[2026-02-23 19:54:16.684781 +00:00] WARN [rustfs_scanner::scanner_folder] [crates/scanner/src/scanner_folder.rs:619] [rustfs-worker:ThreadId(25)] scan_folder: failed to get size for item /data/sboms/sboms/sha256_341bf0f3ce6c5277d6002cf6e1fb0319fa4252add24ab6a0e262e0056d313208.syft.json/5c2993f8-01c8-45fa-99c1-4580c254a16e/part.1: Io error: skip file

[2026-02-23 19:55:09.628071 +00:00] WARN [rustfs::server::http] [rustfs/src/server/http.rs:651] [rustfs-worker:ThreadId(25)] Failed to propagate tracing context: `SpanDisabled`

[2026-02-23 19:55:09.678668 +00:00] WARN [rustfs::server::http] [rustfs/src/server/http.rs:651] [rustfs-worker:ThreadId(25)] Failed to propagate tracing context: `SpanDisabled`

[2026-02-23 19:55:09.714048 +00:00] WARN [rustfs::server::http] [rustfs/src/server/http.rs:651] [rustfs-worker:ThreadId(25)] Failed to propagate tracing context: `SpanDisabled`

[2026-02-23 19:55:09.733027 +00:00] WARN [rustfs::server::http] [rustfs/src/server/http.rs:651] [rustfs-worker:ThreadId(25)] Failed to propagate tracing context: `SpanDisabled`

[2026-02-23 19:55:09.748316 +00:00] WARN [rustfs::server::http] [rustfs/src/server/http.rs:651] [rustfs-worker:ThreadId(25)] Failed to propagate tracing context: `SpanDisabled`

[2026-02-23 19:55:09.750273 +00:00] WARN [rustfs::server::http] [rustfs/src/server/http.rs:651] [rustfs-worker:ThreadId(25)] Failed to propagate tracing context: `SpanDisabled`

[2026-02-23 19:55:09.757052 +00:00] WARN [rustfs::server::http] [rustfs/src/server/http.rs:651] [rustfs-worker:ThreadId(25)] Failed to propagate tracing context: `SpanDisabled`

[2026-02-23 19:55:09.759887 +00:00] WARN [rustfs::server::http] [rustfs/src/server/http.rs:651] [rustfs-worker:ThreadId(25)] Failed to propagate tracing context: `SpanDisabled`

[2026-02-23 19:55:09.762292 +00:00] WARN [rustfs::server::http] [rustfs/src/server/http.rs:651] [rustfs-worker:ThreadId(25)] Failed to propagate tracing context: `SpanDisabled`

[2026-02-23 19:55:09.765103 +00:00] WARN [rustfs::server::http] [rustfs/src/server/http.rs:651] [rustfs-worker:ThreadId(25)] Failed to propagate tracing context: `SpanDisabled`

[2026-02-23 19:55:09.768662 +00:00] WARN [rustfs::server::http] [rustfs/src/server/http.rs:651] [rustfs-worker:ThreadId(25)] Failed to propagate tracing context: `SpanDisabled`

[2026-02-23 19:55:09.770283 +00:00] WARN [rustfs::server::http] [rustfs/src/server/http.rs:651] [rustfs-worker:ThreadId(25)] Failed to propagate tracing context: `SpanDisabled`

[2026-02-23 19:55:10.877742 +00:00] WARN [rustfs::server::http] [rustfs/src/server/http.rs:651] [rustfs-worker:ThreadId(25)] Failed to propagate tracing context: `SpanDisabled`

[2026-02-23 19:55:10.974819 +00:00] WARN [rustfs::server::http] [rustfs/src/server/http.rs:651] [rustfs-worker:ThreadId(25)] Failed to propagate tracing context: `SpanDisabled`

[2026-02-23 19:55:10.985955 +00:00] WARN [rustfs::server::http] [rustfs/src/server/http.rs:651] [rustfs-worker:ThreadId(25)] Failed to propagate tracing context: `SpanDisabled`

[2026-02-23 19:55:10.986174 +00:00] WARN [rustfs::server::http] [rustfs/src/server/http.rs:651] [rustfs-worker:ThreadId(18)] Failed to propagate tracing context: `SpanDisabled`

[2026-02-23 19:55:10.986555 +00:00] WARN [rustfs::server::http] [rustfs/src/server/http.rs:651] [rustfs-worker:ThreadId(21)] Failed to propagate tracing context: `SpanDisabled`

[2026-02-23 19:55:10.986854 +00:00] WARN [rustfs::server::http] [rustfs/src/server/http.rs:651] [rustfs-worker:ThreadId(22)] Failed to propagate tracing context: `SpanDisabled`

[2026-02-23 19:55:10.989497 +00:00] WARN [rustfs::server::http] [rustfs/src/server/http.rs:651] [rustfs-worker:ThreadId(33)] Failed to propagate tracing context: `SpanDisabled`

[2026-02-23 19:55:11.007683 +00:00] WARN [rustfs::server::http] [rustfs/src/server/http.rs:651] [rustfs-worker:ThreadId(32)] Failed to propagate tracing context: `SpanDisabled`

[2026-02-23 19:55:11.042419 +00:00] WARN [rustfs::server::http] [rustfs/src/server/http.rs:651] [rustfs-worker:ThreadId(22)] Failed to propagate tracing context: `SpanDisabled`

[2026-02-23 19:55:11.053158 +00:00] WARN [rustfs::server::http] [rustfs/src/server/http.rs:651] [rustfs-worker:ThreadId(32)] Failed to propagate tracing context: `SpanDisabled`

[2026-02-23 19:55:11.055456 +00:00] WARN [rustfs::server::http] [rustfs/src/server/http.rs:651] [rustfs-worker:ThreadId(18)] Failed to propagate tracing context: `SpanDisabled`

[2026-02-23 19:55:11.078827 +00:00] WARN [rustfs::server::http] [rustfs/src/server/http.rs:651] [rustfs-worker:ThreadId(32)] Failed to propagate tracing context: `SpanDisabled`

[2026-02-23 19:55:11.096698 +00:00] WARN [rustfs::server::http] [rustfs/src/server/http.rs:651] [rustfs-worker:ThreadId(18)] Failed to propagate tracing context: `SpanDisabled`

[2026-02-23 19:55:11.096697 +00:00] WARN [rustfs::server::http] [rustfs/src/server/http.rs:651] [rustfs-worker:ThreadId(25)] Failed to propagate tracing context: `SpanDisabled`

[2026-02-23 19:55:11.115638 +00:00] WARN [rustfs::server::http] [rustfs/src/server/http.rs:651] [rustfs-worker:ThreadId(33)] Failed to propagate tracing context: `SpanDisabled`

[2026-02-23 19:55:11.130886 +00:00] WARN [rustfs::server::http] [rustfs/src/server/http.rs:651] [rustfs-worker:ThreadId(32)] Failed to propagate tracing context: `SpanDisabled`

[2026-02-23 19:55:11.144699 +00:00] WARN [rustfs::server::http] [rustfs/src/server/http.rs:651] [rustfs-worker:ThreadId(18)] Failed to propagate tracing context: `SpanDisabled`

[2026-02-23 19:55:11.151669 +00:00] WARN [rustfs::server::http] [rustfs/src/server/http.rs:651] [rustfs-worker:ThreadId(18)] Failed to propagate tracing context: `SpanDisabled`

[2026-02-23 19:55:11.154820 +00:00] WARN [rustfs::server::http] [rustfs/src/server/http.rs:651] [rustfs-worker:ThreadId(18)] Failed to propagate tracing context: `SpanDisabled`

[2026-02-23 19:55:11.160210 +00:00] WARN [rustfs::server::http] [rustfs/src/server/http.rs:651] [rustfs-worker:ThreadId(18)] Failed to propagate tracing context: `SpanDisabled`

[2026-02-23 19:55:11.160332 +00:00] WARN [rustfs::server::http] [rustfs/src/server/http.rs:651] [rustfs-worker:ThreadId(32)] Failed to propagate tracing context: `SpanDisabled`

[2026-02-23 19:55:11.160611 +00:00] WARN [rustfs::server::http] [rustfs/src/server/http.rs:651] [rustfs-worker:ThreadId(33)] Failed to propagate tracing context: `SpanDisabled`

[2026-02-23 19:55:11.178634 +00:00] WARN [rustfs::server::http] [rustfs/src/server/http.rs:651] [rustfs-worker:ThreadId(22)] Failed to propagate tracing context: `SpanDisabled`

[2026-02-23 19:55:11.178699 +00:00] WARN [rustfs::server::http] [rustfs/src/server/http.rs:651] [rustfs-worker:ThreadId(32)] Failed to propagate tracing context: `SpanDisabled`

[2026-02-23 19:55:11.185447 +00:00] WARN [rustfs::server::http] [rustfs/src/server/http.rs:651] [rustfs-worker:ThreadId(21)] Failed to propagate tracing context: `SpanDisabled`

[2026-02-23 19:55:11.189243 +00:00] WARN [rustfs::server::http] [rustfs/src/server/http.rs:651] [rustfs-worker:ThreadId(32)] Failed to propagate tracing context: `SpanDisabled`

[2026-02-23 19:55:11.197843 +00:00] WARN [rustfs::server::http] [rustfs/src/server/http.rs:651] [rustfs-worker:ThreadId(33)] Failed to propagate tracing context: `SpanDisabled`

[2026-02-23 19:55:11.210175 +00:00] WARN [rustfs::server::http] [rustfs/src/server/http.rs:651] [rustfs-worker:ThreadId(32)] Failed to propagate tracing context: `SpanDisabled`

[2026-02-23 19:55:11.210210 +00:00] WARN [rustfs::server::http] [rustfs/src/server/http.rs:651] [rustfs-worker:ThreadId(18)] Failed to propagate tracing context: `SpanDisabled`

[2026-02-23 19:55:11.214892 +00:00] WARN [rustfs::server::http] [rustfs/src/server/http.rs:651] [rustfs-worker:ThreadId(25)] Failed to propagate tracing context: `SpanDisabled`

[2026-02-23 19:55:11.231765 +00:00] WARN [rustfs::server::http] [rustfs/src/server/http.rs:651] [rustfs-worker:ThreadId(33)] Failed to propagate tracing context: `SpanDisabled`

[2026-02-23 19:55:11.555391 +00:00] WARN [rustfs::server::http] [rustfs/src/server/http.rs:651] [rustfs-worker:ThreadId(33)] Failed to propagate tracing context: `SpanDisabled`

[2026-02-23 19:55:11.596150 +00:00] WARN [rustfs::server::http] [rustfs/src/server/http.rs:651] [rustfs-worker:ThreadId(33)] Failed to propagate tracing context: `SpanDisabled`

[2026-02-23 19:55:11.608784 +00:00] WARN [rustfs::server::http] [rustfs/src/server/http.rs:651] [rustfs-worker:ThreadId(33)] Failed to propagate tracing context: `SpanDisabled`

[2026-02-23 19:55:11.688673 +00:00] WARN [rustfs::server::http] [rustfs/src/server/http.rs:651] [rustfs-worker:ThreadId(33)] Failed to propagate tracing context: `SpanDisabled`

[2026-02-23 19:55:11.718535 +00:00] WARN [rustfs::server::http] [rustfs/src/server/http.rs:651] [rustfs-worker:ThreadId(33)] Failed to propagate tracing context: `SpanDisabled`

[2026-02-23 19:55:11.729938 +00:00] WARN [rustfs::server::http] [rustfs/src/server/http.rs:651] [rustfs-worker:ThreadId(33)] Failed to propagate tracing context: `SpanDisabled`

[2026-02-23 19:55:11.742577 +00:00] WARN [rustfs::server::http] [rustfs/src/server/http.rs:651] [rustfs-worker:ThreadId(33)] Failed to propagate tracing context: `SpanDisabled`

[2026-02-23 19:55:11.931933 +00:00] WARN [rustfs::server::http] [rustfs/src/server/http.rs:651] [rustfs-worker:ThreadId(33)] Failed to propagate tracing context: `SpanDisabled`

[2026-02-23 19:55:11.949670 +00:00] WARN [rustfs::server::http] [rustfs/src/server/http.rs:651] [rustfs-worker:ThreadId(33)] Failed to propagate tracing context: `SpanDisabled`

[2026-02-23 19:55:11.960903 +00:00] WARN [rustfs::server::http] [rustfs/src/server/http.rs:651] [rustfs-worker:ThreadId(33)] Failed to propagate tracing context: `SpanDisabled`

[2026-02-23 19:55:11.973996 +00:00] WARN [rustfs::server::http] [rustfs/src/server/http.rs:651] [rustfs-worker:ThreadId(33)] Failed to propagate tracing context: `SpanDisabled`

[2026-02-23 19:55:11.984039 +00:00] WARN [rustfs::server::http] [rustfs/src/server/http.rs:651] [rustfs-worker:ThreadId(33)] Failed to propagate tracing context: `SpanDisabled`

[2026-02-23 19:55:11.993385 +00:00] WARN [rustfs::server::http] [rustfs/src/server/http.rs:651] [rustfs-worker:ThreadId(33)] Failed to propagate tracing context: `SpanDisabled`

[2026-02-23 19:55:12.018609 +00:00] WARN [rustfs::server::http] [rustfs/src/server/http.rs:651] [rustfs-worker:ThreadId(33)] Failed to propagate tracing context: `SpanDisabled`

[2026-02-23 19:55:12.088545 +00:00] WARN [rustfs::server::http] [rustfs/src/server/http.rs:651] [rustfs-worker:ThreadId(33)] Failed to propagate tracing context: `SpanDisabled`

[2026-02-23 19:55:12.096698 +00:00] WARN [rustfs::server::http] [rustfs/src/server/http.rs:651] [rustfs-worker:ThreadId(33)] Failed to propagate tracing context: `SpanDisabled`

[2026-02-23 19:55:12.106837 +00:00] WARN [rustfs::server::http] [rustfs/src/server/http.rs:651] [rustfs-worker:ThreadId(33)] Failed to propagate tracing context: `SpanDisabled`

[2026-02-23 19:55:12.106902 +00:00] WARN [rustfs::server::http] [rustfs/src/server/http.rs:651] [rustfs-worker:ThreadId(18)] Failed to propagate tracing context: `SpanDisabled`

[2026-02-23 19:55:12.111715 +00:00] WARN [rustfs::server::http] [rustfs/src/server/http.rs:651] [rustfs-worker:ThreadId(32)] Failed to propagate tracing context: `SpanDisabled`

[2026-02-23 19:55:12.113668 +00:00] WARN [rustfs::server::http] [rustfs/src/server/http.rs:651] [rustfs-worker:ThreadId(32)] Failed to propagate tracing context: `SpanDisabled`

[2026-02-23 19:55:12.115608 +00:00] WARN [rustfs::server::http] [rustfs/src/server/http.rs:651] [rustfs-worker:ThreadId(32)] Failed to propagate tracing context: `SpanDisabled`

[2026-02-23 19:55:12.117379 +00:00] WARN [rustfs::server::http] [rustfs/src/server/http.rs:651] [rustfs-worker:ThreadId(32)] Failed to propagate tracing context: `SpanDisabled`

[2026-02-23 19:55:12.135695 +00:00] WARN [rustfs::server::http] [rustfs/src/server/http.rs:651] [rustfs-worker:ThreadId(32)] Failed to propagate tracing context: `SpanDisabled`

[2026-02-23 19:55:12.135713 +00:00] WARN [rustfs::server::http] [rustfs/src/server/http.rs:651] [rustfs-worker:ThreadId(18)] Failed to propagate tracing context: `SpanDisabled`

[2026-02-23 19:55:12.136557 +00:00] WARN [rustfs::server::http] [rustfs/src/server/http.rs:651] [rustfs-worker:ThreadId(33)] Failed to propagate tracing context: `SpanDisabled`

[2026-02-23 19:55:12.142704 +00:00] WARN [rustfs::server::http] [rustfs/src/server/http.rs:651] [rustfs-worker:ThreadId(32)] Failed to propagate tracing context: `SpanDisabled`

[2026-02-23 19:55:12.142703 +00:00] WARN [rustfs::server::http] [rustfs/src/server/http.rs:651] [rustfs-worker:ThreadId(18)] Failed to propagate tracing context: `SpanDisabled`

[2026-02-23 19:55:12.142857 +00:00] WARN [rustfs::server::http] [rustfs/src/server/http.rs:651] [rustfs-worker:ThreadId(22)] Failed to propagate tracing context: `SpanDisabled`

[2026-02-23 19:55:12.157715 +00:00] WARN [rustfs::server::http] [rustfs/src/server/http.rs:651] [rustfs-worker:ThreadId(21)] Failed to propagate tracing context: `SpanDisabled`

[2026-02-23 19:55:12.164069 +00:00] WARN [rustfs::server::http] [rustfs/src/server/http.rs:651] [rustfs-worker:ThreadId(22)] Failed to propagate tracing context: `SpanDisabled`

[2026-02-23 19:55:12.177935 +00:00] WARN [rustfs::server::http] [rustfs/src/server/http.rs:651] [rustfs-worker:ThreadId(32)] Failed to propagate tracing context: `SpanDisabled`

[2026-02-23 19:55:12.183068 +00:00] WARN [rustfs::server::http] [rustfs/src/server/http.rs:651] [rustfs-worker:ThreadId(18)] Failed to propagate tracing context: `SpanDisabled`

[2026-02-23 19:55:12.183283 +00:00] WARN [rustfs::server::http] [rustfs/src/server/http.rs:651] [rustfs-worker:ThreadId(21)] Failed to propagate tracing context: `SpanDisabled`

[2026-02-23 19:55:12.232535 +00:00] WARN [rustfs::server::http] [rustfs/src/server/http.rs:651] [rustfs-worker:ThreadId(33)] Failed to propagate tracing context: `SpanDisabled`

[2026-02-23 19:55:12.239926 +00:00] WARN [rustfs::server::http] [rustfs/src/server/http.rs:651] [rustfs-worker:ThreadId(33)] Failed to propagate tracing context: `SpanDisabled`

[2026-02-23 19:55:12.240831 +00:00] WARN [rustfs::server::http] [rustfs/src/server/http.rs:651] [rustfs-worker:ThreadId(33)] Failed to propagate tracing context: `SpanDisabled`

[2026-02-23 19:55:12.243445 +00:00] WARN [rustfs::server::http] [rustfs/src/server/http.rs:651] [rustfs-worker:ThreadId(33)] Failed to propagate tracing context: `SpanDisabled`

[2026-02-23 19:55:12.281603 +00:00] WARN [rustfs::server::http] [rustfs/src/server/http.rs:651] [rustfs-worker:ThreadId(32)] Failed to propagate tracing context: `SpanDisabled`

[2026-02-23 19:55:12.281607 +00:00] WARN [rustfs::server::http] [rustfs/src/server/http.rs:651] [rustfs-worker:ThreadId(21)] Failed to propagate tracing context: `SpanDisabled`

[2026-02-23 19:55:12.281601 +00:00] WARN [rustfs::server::http] [rustfs/src/server/http.rs:651] [rustfs-worker:ThreadId(33)] Failed to propagate tracing context: `SpanDisabled`

[2026-02-23 19:55:12.281695 +00:00] WARN [rustfs::server::http] [rustfs/src/server/http.rs:651] [rustfs-worker:ThreadId(18)] Failed to propagate tracing context: `SpanDisabled`

[2026-02-23 19:55:12.320005 +00:00] WARN [rustfs::server::http] [rustfs/src/server/http.rs:651] [rustfs-worker:ThreadId(22)] Failed to propagate tracing context: `SpanDisabled`

[2026-02-23 19:55:12.337299 +00:00] WARN [rustfs::server::http] [rustfs/src/server/http.rs:651] [rustfs-worker:ThreadId(32)] Failed to propagate tracing context: `SpanDisabled`

[2026-02-23 19:55:12.337299 +00:00] WARN [rustfs::server::http] [rustfs/src/server/http.rs:651] [rustfs-worker:ThreadId(18)] Failed to propagate tracing context: `SpanDisabled`

[2026-02-23 19:55:12.337298 +00:00] WARN [rustfs::server::http] [rustfs/src/server/http.rs:651] [rustfs-worker:ThreadId(22)] Failed to propagate tracing context: `SpanDisabled`

[2026-02-23 19:55:12.338449 +00:00] WARN [rustfs::server::http] [rustfs/src/server/http.rs:651] [rustfs-worker:ThreadId(33)] Failed to propagate tracing context: `SpanDisabled`

[2026-02-23 19:55:12.351727 +00:00] WARN [rustfs::server::http] [rustfs/src/server/http.rs:651] [rustfs-worker:ThreadId(22)] Failed to propagate tracing context: `SpanDisabled`

[2026-02-23 19:55:12.363014 +00:00] WARN [rustfs::server::http] [rustfs/src/server/http.rs:651] [rustfs-worker:ThreadId(18)] Failed to propagate tracing context: `SpanDisabled`

[2026-02-23 19:55:12.363291 +00:00] WARN [rustfs::server::http] [rustfs/src/server/http.rs:651] [rustfs-worker:ThreadId(22)] Failed to propagate tracing context: `SpanDisabled`

[2026-02-23 19:55:12.363372 +00:00] WARN [rustfs::server::http] [rustfs/src/server/http.rs:651] [rustfs-worker:ThreadId(33)] Failed to propagate tracing context: `SpanDisabled`

[2026-02-23 19:55:12.376249 +00:00] WARN [rustfs::server::http] [rustfs/src/server/http.rs:651] [rustfs-worker:ThreadId(18)] Failed to propagate tracing context: `SpanDisabled`

[2026-02-23 19:55:12.380915 +00:00] WARN [rustfs::server::http] [rustfs/src/server/http.rs:651] [rustfs-worker:ThreadId(18)] Failed to propagate tracing context: `SpanDisabled`

[2026-02-23 19:55:12.381543 +00:00] WARN [rustfs::server::http] [rustfs/src/server/http.rs:651] [rustfs-worker:ThreadId(18)] Failed to propagate tracing context: `SpanDisabled`

[2026-02-23 19:55:12.390257 +00:00] WARN [rustfs::server::http] [rustfs/src/server/http.rs:651] [rustfs-worker:ThreadId(18)] Failed to propagate tracing context: `SpanDisabled`

[2026-02-23 19:55:12.391287 +00:00] WARN [rustfs::admin::handlers] [rustfs/src/admin/handlers.rs:491] [rustfs-worker:ThreadId(18)] handle DataUsageInfoHandler

[2026-02-23 19:55:12.404464 +00:00] WARN [rustfs::server::http] [rustfs/src/server/http.rs:651] [rustfs-worker:ThreadId(18)] Failed to propagate tracing context: `SpanDisabled`

[2026-02-23 19:55:12.404464 +00:00] WARN [rustfs::server::http] [rustfs/src/server/http.rs:651] [rustfs-worker:ThreadId(33)] Failed to propagate tracing context: `SpanDisabled`

[2026-02-23 19:55:12.404545 +00:00] WARN [rustfs::server::http] [rustfs/src/server/http.rs:651] [rustfs-worker:ThreadId(22)] Failed to propagate tracing context: `SpanDisabled`

[2026-02-23 19:55:12.404914 +00:00] WARN [rustfs::server::http] [rustfs/src/server/http.rs:651] [rustfs-worker:ThreadId(32)] Failed to propagate tracing context: `SpanDisabled`

[2026-02-23 19:55:12.417447 +00:00] WARN [rustfs::server::http] [rustfs/src/server/http.rs:651] [rustfs-worker:ThreadId(21)] Failed to propagate tracing context: `SpanDisabled`

[2026-02-23 19:55:12.424749 +00:00] WARN [rustfs::server::http] [rustfs/src/server/http.rs:651] [rustfs-worker:ThreadId(32)] Failed to propagate tracing context: `SpanDisabled`

[2026-02-23 19:55:12.431831 +00:00] WARN [rustfs::server::http] [rustfs/src/server/http.rs:651] [rustfs-worker:ThreadId(32)] Failed to propagate tracing context: `SpanDisabled`

[2026-02-23 19:55:12.462981 +00:00] WARN [rustfs::server::http] [rustfs/src/server/http.rs:651] [rustfs-worker:ThreadId(32)] Failed to propagate tracing context: `SpanDisabled`

[2026-02-23 19:55:12.463092 +00:00] WARN [rustfs::server::http] [rustfs/src/server/http.rs:651] [rustfs-worker:ThreadId(21)] Failed to propagate tracing context: `SpanDisabled`

[2026-02-23 19:55:12.463162 +00:00] WARN [rustfs::server::http] [rustfs/src/server/http.rs:651] [rustfs-worker:ThreadId(33)] Failed to propagate tracing context: `SpanDisabled`

[2026-02-23 19:55:12.470887 +00:00] WARN [rustfs::server::http] [rustfs/src/server/http.rs:651] [rustfs-worker:ThreadId(18)] Failed to propagate tracing context: `SpanDisabled`

[2026-02-23 19:55:12.472739 +00:00] WARN [rustfs_ecstore::data_usage] [crates/ecstore/src/data_usage.rs:126] [rustfs-worker:ThreadId(22)] Loaded data is empty, supplementing with basic statistics

[2026-02-23 19:55:12.494482 +00:00] WARN [rustfs::server::http] [rustfs/src/server/http.rs:651] [rustfs-worker:ThreadId(22)] Failed to propagate tracing context: `SpanDisabled`

[2026-02-23 19:55:12.495727 +00:00] WARN [rustfs::server::http] [rustfs/src/server/http.rs:651] [rustfs-worker:ThreadId(32)] Failed to propagate tracing context: `SpanDisabled`

[2026-02-23 19:55:12.498373 +00:00] WARN [rustfs::server::http] [rustfs/src/server/http.rs:651] [rustfs-worker:ThreadId(33)] Failed to propagate tracing context: `SpanDisabled`

[2026-02-23 19:55:12.501295 +00:00] WARN [rustfs::server::http] [rustfs/src/server/http.rs:651] [rustfs-worker:ThreadId(21)] Failed to propagate tracing context: `SpanDisabled`

[2026-02-23 19:55:12.514780 +00:00] WARN [rustfs::server::http] [rustfs/src/server/http.rs:651] [rustfs-worker:ThreadId(18)] Failed to propagate tracing context: `SpanDisabled`

[2026-02-23 19:55:12.516104 +00:00] WARN [rustfs::server::http] [rustfs/src/server/http.rs:651] [rustfs-worker:ThreadId(21)] Failed to propagate tracing context: `SpanDisabled`

[2026-02-23 19:55:12.520219 +00:00] WARN [rustfs::server::http] [rustfs/src/server/http.rs:651] [rustfs-worker:ThreadId(18)] Failed to propagate tracing context: `SpanDisabled`

[2026-02-23 19:55:12.529521 +00:00] WARN [rustfs::server::http] [rustfs/src/server/http.rs:651] [rustfs-worker:ThreadId(21)] Failed to propagate tracing context: `SpanDisabled`

[2026-02-23 19:55:12.533188 +00:00] WARN [rustfs::server::http] [rustfs/src/server/http.rs:651] [rustfs-worker:ThreadId(22)] Failed to propagate tracing context: `SpanDisabled`

[2026-02-23 19:55:12.536126 +00:00] WARN [rustfs::server::http] [rustfs/src/server/http.rs:651] [rustfs-worker:ThreadId(21)] Failed to propagate tracing context: `SpanDisabled`

[2026-02-23 19:55:12.536278 +00:00] WARN [rustfs::server::http] [rustfs/src/server/http.rs:651] [rustfs-worker:ThreadId(22)] Failed to propagate tracing context: `SpanDisabled`

[2026-02-23 19:55:12.540623 +00:00] WARN [rustfs::server::http] [rustfs/src/server/http.rs:651] [rustfs-worker:ThreadId(18)] Failed to propagate tracing context: `SpanDisabled`

[2026-02-23 19:55:12.551634 +00:00] WARN [rustfs::server::http] [rustfs/src/server/http.rs:651] [rustfs-worker:ThreadId(18)] Failed to propagate tracing context: `SpanDisabled`

[2026-02-23 19:55:12.553156 +00:00] WARN [rustfs::server::http] [rustfs/src/server/http.rs:651] [rustfs-worker:ThreadId(22)] Failed to propagate tracing context: `SpanDisabled`

[2026-02-23 19:55:12.563281 +00:00] WARN [rustfs::server::http] [rustfs/src/server/http.rs:651] [rustfs-worker:ThreadId(32)] Failed to propagate tracing context: `SpanDisabled`

[2026-02-23 19:55:12.564391 +00:00] WARN [rustfs::server::http] [rustfs/src/server/http.rs:651] [rustfs-worker:ThreadId(22)] Failed to propagate tracing context: `SpanDisabled`

[2026-02-23 19:55:12.575430 +00:00] WARN [rustfs::server::http] [rustfs/src/server/http.rs:651] [rustfs-worker:ThreadId(22)] Failed to propagate tracing context: `SpanDisabled`

[2026-02-23 19:55:12.585256 +00:00] WARN [rustfs::server::http] [rustfs/src/server/http.rs:651] [rustfs-worker:ThreadId(32)] Failed to propagate tracing context: `SpanDisabled`

[2026-02-23 19:55:12.588887 +00:00] WARN [rustfs::server::http] [rustfs/src/server/http.rs:651] [rustfs-worker:ThreadId(32)] Failed to propagate tracing context: `SpanDisabled`

[2026-02-23 19:55:12.593489 +00:00] WARN [rustfs::server::http] [rustfs/src/server/http.rs:651] [rustfs-worker:ThreadId(32)] Failed to propagate tracing context: `SpanDisabled`

[2026-02-23 19:55:12.596793 +00:00] WARN [rustfs::server::http] [rustfs/src/server/http.rs:651] [rustfs-worker:ThreadId(32)] Failed to propagate tracing context: `SpanDisabled`

[2026-02-23 19:55:12.604888 +00:00] WARN [rustfs::server::http] [rustfs/src/server/http.rs:651] [rustfs-worker:ThreadId(18)] Failed to propagate tracing context: `SpanDisabled`

[2026-02-23 19:55:12.611144 +00:00] WARN [rustfs::server::http] [rustfs/src/server/http.rs:651] [rustfs-worker:ThreadId(18)] Failed to propagate tracing context: `SpanDisabled`

[2026-02-23 19:55:12.611213 +00:00] WARN [rustfs::server::http] [rustfs/src/server/http.rs:651] [rustfs-worker:ThreadId(22)] Failed to propagate tracing context: `SpanDisabled`

[2026-02-23 19:55:12.615414 +00:00] WARN [rustfs::server::http] [rustfs/src/server/http.rs:651] [rustfs-worker:ThreadId(21)] Failed to propagate tracing context: `SpanDisabled`

[2026-02-23 19:55:12.628104 +00:00] WARN [rustfs::server::http] [rustfs/src/server/http.rs:651] [rustfs-worker:ThreadId(33)] Failed to propagate tracing context: `SpanDisabled`

[2026-02-23 19:55:12.631542 +00:00] WARN [rustfs::server::http] [rustfs/src/server/http.rs:651] [rustfs-worker:ThreadId(33)] Failed to propagate tracing context: `SpanDisabled`

[2026-02-23 19:55:12.633827 +00:00] WARN [rustfs::server::http] [rustfs/src/server/http.rs:651] [rustfs-worker:ThreadId(18)] Failed to propagate tracing context: `SpanDisabled`

[2026-02-23 19:55:12.633827 +00:00] WARN [rustfs::server::http] [rustfs/src/server/http.rs:651] [rustfs-worker:ThreadId(21)] Failed to propagate tracing context: `SpanDisabled`

[2026-02-23 19:55:12.650535 +00:00] WARN [rustfs::server::http] [rustfs/src/server/http.rs:651] [rustfs-worker:ThreadId(32)] Failed to propagate tracing context: `SpanDisabled`

[2026-02-23 19:55:12.663708 +00:00] WARN [rustfs::server::http] [rustfs/src/server/http.rs:651] [rustfs-worker:ThreadId(18)] Failed to propagate tracing context: `SpanDisabled`

[2026-02-23 19:55:12.667432 +00:00] WARN [rustfs::server::http] [rustfs/src/server/http.rs:651] [rustfs-worker:ThreadId(18)] Failed to propagate tracing context: `SpanDisabled`

[2026-02-23 19:55:12.669890 +00:00] WARN [rustfs::server::http] [rustfs/src/server/http.rs:651] [rustfs-worker:ThreadId(18)] Failed to propagate tracing context: `SpanDisabled`

[2026-02-23 19:55:12.669958 +00:00] WARN [rustfs::server::http] [rustfs/src/server/http.rs:651] [rustfs-worker:ThreadId(32)] Failed to propagate tracing context: `SpanDisabled`

[2026-02-23 19:55:12.671077 +00:00] WARN [rustfs::server::http] [rustfs/src/server/http.rs:651] [rustfs-worker:ThreadId(33)] Failed to propagate tracing context: `SpanDisabled`

[2026-02-23 19:55:12.677533 +00:00] WARN [rustfs::server::http] [rustfs/src/server/http.rs:651] [rustfs-worker:ThreadId(21)] Failed to propagate tracing context: `SpanDisabled`

[2026-02-23 19:55:12.685780 +00:00] WARN [rustfs::server::http] [rustfs/src/server/http.rs:651] [rustfs-worker:ThreadId(22)] Failed to propagate tracing context: `SpanDisabled`

[2026-02-23 19:55:12.692195 +00:00] WARN [rustfs::server::http] [rustfs/src/server/http.rs:651] [rustfs-worker:ThreadId(22)] Failed to propagate tracing context: `SpanDisabled`

[2026-02-23 19:55:12.694779 +00:00] WARN [rustfs::server::http] [rustfs/src/server/http.rs:651] [rustfs-worker:ThreadId(22)] Failed to propagate tracing context: `SpanDisabled`

[2026-02-23 19:55:12.698590 +00:00] WARN [rustfs::server::http] [rustfs/src/server/http.rs:651] [rustfs-worker:ThreadId(22)] Failed to propagate tracing context: `SpanDisabled`

[2026-02-23 19:55:12.707055 +00:00] WARN [rustfs::server::http] [rustfs/src/server/http.rs:651] [rustfs-worker:ThreadId(22)] Failed to propagate tracing context: `SpanDisabled`

[2026-02-23 19:55:12.714789 +00:00] WARN [rustfs::server::http] [rustfs/src/server/http.rs:651] [rustfs-worker:ThreadId(22)] Failed to propagate tracing context: `SpanDisabled`

[2026-02-23 19:55:12.718879 +00:00] WARN [rustfs::server::http] [rustfs/src/server/http.rs:651] [rustfs-worker:ThreadId(22)] Failed to propagate tracing context: `SpanDisabled`

[2026-02-23 19:55:12.718880 +00:00] WARN [rustfs::server::http] [rustfs/src/server/http.rs:651] [rustfs-worker:ThreadId(18)] Failed to propagate tracing context: `SpanDisabled`

[2026-02-23 19:55:12.724790 +00:00] WARN [rustfs::server::http] [rustfs/src/server/http.rs:651] [rustfs-worker:ThreadId(33)] Failed to propagate tracing context: `SpanDisabled`

[2026-02-23 19:55:12.734549 +00:00] WARN [rustfs::server::http] [rustfs/src/server/http.rs:651] [rustfs-worker:ThreadId(33)] Failed to propagate tracing context: `SpanDisabled`

[2026-02-23 19:55:15.464379 +00:00] WARN [rustfs::server::http] [rustfs/src/server/http.rs:651] [rustfs-worker:ThreadId(33)] Failed to propagate tracing context: `SpanDisabled`

[2026-02-23 19:55:15.464483 +00:00] WARN [rustfs::server::http] [rustfs/src/server/http.rs:651] [rustfs-worker:ThreadId(22)] Failed to propagate tracing context: `SpanDisabled`

[2026-02-23 19:55:15.464504 +00:00] WARN [rustfs::server::http] [rustfs/src/server/http.rs:651] [rustfs-worker:ThreadId(18)] Failed to propagate tracing context: `SpanDisabled`

[2026-02-23 19:55:15.744428 +00:00] WARN [rustfs::server::http] [rustfs/src/server/http.rs:651] [rustfs-worker:ThreadId(33)] Failed to propagate tracing context: `SpanDisabled`

[2026-02-23 19:55:15.745591 +00:00] WARN [rustfs::server::http] [rustfs/src/server/http.rs:651] [rustfs-worker:ThreadId(33)] Failed to propagate tracing context: `SpanDisabled`

[2026-02-23 19:55:15.751724 +00:00] WARN [rustfs::server::http] [rustfs/src/server/http.rs:651] [rustfs-worker:ThreadId(33)] Failed to propagate tracing context: `SpanDisabled`

[2026-02-23 19:55:15.753756 +00:00] WARN [rustfs::server::http] [rustfs/src/server/http.rs:651] [rustfs-worker:ThreadId(33)] Failed to propagate tracing context: `SpanDisabled`

[2026-02-23 19:55:17.996651 +00:00] WARN [rustfs::server::http] [rustfs/src/server/http.rs:793] [rustfs-worker:ThreadId(33)] The HTTP connection timed out (HeaderTimeout): read header from client timeout

[2026-02-23 19:55:18.071988 +00:00] WARN [rustfs::server::http] [rustfs/src/server/http.rs:793] [rustfs-worker:ThreadId(33)] The HTTP connection timed out (HeaderTimeout): read header from client timeout

[2026-02-23 19:55:18.072675 +00:00] WARN [rustfs::server::http] [rustfs/src/server/http.rs:793] [rustfs-worker:ThreadId(32)] The HTTP connection timed out (HeaderTimeout): read header from client timeout

[2026-02-23 19:55:18.222781 +00:00] WARN [rustfs::server::http] [rustfs/src/server/http.rs:651] [rustfs-worker:ThreadId(18)] Failed to propagate tracing context: `SpanDisabled`

[2026-02-23 19:55:20.279237 +00:00] WARN [rustfs_scanner::scanner_folder] [crates/scanner/src/scanner_folder.rs:619] [rustfs-worker:ThreadId(18)] scan_folder: failed to get size for item /data/sboms/reports/sha256_341bf0f3ce6c5277d6002cf6e1fb0319fa4252add24ab6a0e262e0056d313208.scan-1.grype.json/ccb676bf-fe72-492e-a23d-0750d322bbfa/part.1: Io error: skip file

[2026-02-23 19:55:20.315458 +00:00] WARN [rustfs_scanner::scanner_folder] [crates/scanner/src/scanner_folder.rs:619] [rustfs-worker:ThreadId(18)] scan_folder: failed to get size for item /data/sboms/reports/sha256_341bf0f3ce6c5277d6002cf6e1fb0319fa4252add24ab6a0e262e0056d313208.scan-2.grype.json/4dcfa8fb-8aa8-4df1-b6b9-53e465f507bb/part.1: Io error: skip file

[2026-02-23 19:55:20.324458 +00:00] WARN [rustfs_scanner::scanner_folder] [crates/scanner/src/scanner_folder.rs:619] [rustfs-worker:ThreadId(18)] scan_folder: failed to get size for item /data/sboms/reports/sha256_341bf0f3ce6c5277d6002cf6e1fb0319fa4252add24ab6a0e262e0056d313208.scan-3.grype.json/58c4ea8d-339e-4309-8a84-1bf8fe846c45/part.1: Io error: skip file

[2026-02-23 19:55:20.333141 +00:00] WARN [rustfs_scanner::scanner_folder] [crates/scanner/src/scanner_folder.rs:619] [rustfs-worker:ThreadId(18)] scan_folder: failed to get size for item /data/sboms/sboms/sha256_341bf0f3ce6c5277d6002cf6e1fb0319fa4252add24ab6a0e262e0056d313208.syft.json/5c2993f8-01c8-45fa-99c1-4580c254a16e/part.1: Io error: skip file

[2026-02-23 19:55:20.477921 +00:00] WARN [rustfs::server::http] [rustfs/src/server/http.rs:793] [rustfs-worker:ThreadId(32)] The HTTP connection timed out (HeaderTimeout): read header from client timeout

[2026-02-23 19:55:20.755043 +00:00] WARN [rustfs::server::http] [rustfs/src/server/http.rs:793] [rustfs-worker:ThreadId(33)] The HTTP connection timed out (HeaderTimeout): read header from client timeout

[2026-02-23 19:55:20.840333 +00:00] WARN [rustfs::server::http] [rustfs/src/server/http.rs:651] [rustfs-worker:ThreadId(32)] Failed to propagate tracing context: `SpanDisabled`

[2026-02-23 19:55:22.324456 +00:00] WARN [rustfs::server::http] [rustfs/src/server/http.rs:651] [rustfs-worker:ThreadId(32)] Failed to propagate tracing context: `SpanDisabled`

[2026-02-23 19:55:24.379389 +00:00] WARN [rustfs::server::http] [rustfs/src/server/http.rs:651] [rustfs-worker:ThreadId(32)] Failed to propagate tracing context: `SpanDisabled`

[2026-02-23 19:55:29.412656 +00:00] WARN [rustfs::server::http] [rustfs/src/server/http.rs:793] [rustfs-worker:ThreadId(18)] The HTTP connection timed out (HeaderTimeout): read header from client timeout

[2026-02-23 19:56:14.425030 +00:00] WARN [rustfs::server::http] [rustfs/src/server/http.rs:651] [rustfs-worker:ThreadId(32)] Failed to propagate tracing context: `SpanDisabled`

[2026-02-23 19:56:14.506891 +00:00] WARN [rustfs::server::http] [rustfs/src/server/http.rs:651] [rustfs-worker:ThreadId(32)] Failed to propagate tracing context: `SpanDisabled`

[2026-02-23 19:56:19.693188 +00:00] WARN [rustfs::server::http] [rustfs/src/server/http.rs:793] [rustfs-worker:ThreadId(18)] The HTTP connection timed out (HeaderTimeout): read header from client timeout

[2026-02-23 19:56:22.637983 +00:00] WARN [rustfs_scanner::scanner_folder] [crates/scanner/src/scanner_folder.rs:619] [rustfs-worker:ThreadId(32)] scan_folder: failed to get size for item /data/sboms/reports/sha256_341bf0f3ce6c5277d6002cf6e1fb0319fa4252add24ab6a0e262e0056d313208.scan-1.grype.json/ccb676bf-fe72-492e-a23d-0750d322bbfa/part.1: Io error: skip file

[2026-02-23 19:56:22.649317 +00:00] WARN [rustfs_scanner::scanner_folder] [crates/scanner/src/scanner_folder.rs:619] [rustfs-worker:ThreadId(22)] scan_folder: failed to get size for item /data/sboms/reports/sha256_341bf0f3ce6c5277d6002cf6e1fb0319fa4252add24ab6a0e262e0056d313208.scan-2.grype.json/4dcfa8fb-8aa8-4df1-b6b9-53e465f507bb/part.1: Io error: skip file

[2026-02-23 19:56:22.661294 +00:00] WARN [rustfs_scanner::scanner_folder] [crates/scanner/src/scanner_folder.rs:619] [rustfs-worker:ThreadId(22)] scan_folder: failed to get size for item /data/sboms/reports/sha256_341bf0f3ce6c5277d6002cf6e1fb0319fa4252add24ab6a0e262e0056d313208.scan-3.grype.json/58c4ea8d-339e-4309-8a84-1bf8fe846c45/part.1: Io error: skip file

[2026-02-23 19:56:22.672153 +00:00] WARN [rustfs_scanner::scanner_folder] [crates/scanner/src/scanner_folder.rs:619] [rustfs-worker:ThreadId(22)] scan_folder: failed to get size for item /data/sboms/sboms/sha256_341bf0f3ce6c5277d6002cf6e1fb0319fa4252add24ab6a0e262e0056d313208.syft.json/5c2993f8-01c8-45fa-99c1-4580c254a16e/part.1: Io error: skip file

[2026-02-23 19:56:31.426520 +00:00] WARN [rustfs::server::http] [rustfs/src/server/http.rs:651] [rustfs-worker:ThreadId(33)] Failed to propagate tracing context: `SpanDisabled`

[2026-02-23 19:56:36.697603 +00:00] WARN [rustfs::server::http] [rustfs/src/server/http.rs:793] [rustfs-worker:ThreadId(32)] The HTTP connection timed out (HeaderTimeout): read header from client timeout

[2026-02-23 19:57:23.375573 +00:00] WARN [rustfs_scanner::scanner_folder] [crates/scanner/src/scanner_folder.rs:619] [rustfs-worker:ThreadId(18)] scan_folder: failed to get size for item /data/sboms/reports/sha256_341bf0f3ce6c5277d6002cf6e1fb0319fa4252add24ab6a0e262e0056d313208.scan-1.grype.json/ccb676bf-fe72-492e-a23d-0750d322bbfa/part.1: Io error: skip file

[2026-02-23 19:57:23.383654 +00:00] WARN [rustfs_scanner::scanner_folder] [crates/scanner/src/scanner_folder.rs:619] [rustfs-worker:ThreadId(18)] scan_folder: failed to get size for item /data/sboms/reports/sha256_341bf0f3ce6c5277d6002cf6e1fb0319fa4252add24ab6a0e262e0056d313208.scan-2.grype.json/4dcfa8fb-8aa8-4df1-b6b9-53e465f507bb/part.1: Io error: skip file

[2026-02-23 19:57:23.392049 +00:00] WARN [rustfs_scanner::scanner_folder] [crates/scanner/src/scanner_folder.rs:619] [rustfs-worker:ThreadId(18)] scan_folder: failed to get size for item /data/sboms/reports/sha256_341bf0f3ce6c5277d6002cf6e1fb0319fa4252add24ab6a0e262e0056d313208.scan-3.grype.json/58c4ea8d-339e-4309-8a84-1bf8fe846c45/part.1: Io error: skip file

[2026-02-23 19:57:23.399687 +00:00] WARN [rustfs_scanner::scanner_folder] [crates/scanner/src/scanner_folder.rs:619] [rustfs-worker:ThreadId(18)] scan_folder: failed to get size for item /data/sboms/reports/sha256_341bf0f3ce6c5277d6002cf6e1fb0319fa4252add24ab6a0e262e0056d313208.scan-4.grype.json/89830309-a00c-43b7-ad6e-f413b2253f24/part.1: Io error: skip file

[2026-02-23 19:57:23.408745 +00:00] WARN [rustfs_scanner::scanner_folder] [crates/scanner/src/scanner_folder.rs:619] [rustfs-worker:ThreadId(18)] scan_folder: failed to get size for item /data/sboms/sboms/sha256_341bf0f3ce6c5277d6002cf6e1fb0319fa4252add24ab6a0e262e0056d313208.syft.json/5c2993f8-01c8-45fa-99c1-4580c254a16e/part.1: Io error: skip file

[2026-02-23 19:58:24.015163 +00:00] WARN [rustfs_scanner::scanner_folder] [crates/scanner/src/scanner_folder.rs:619] [rustfs-worker:ThreadId(32)] scan_folder: failed to get size for item /data/sboms/reports/sha256_341bf0f3ce6c5277d6002cf6e1fb0319fa4252add24ab6a0e262e0056d313208.scan-1.grype.json/ccb676bf-fe72-492e-a23d-0750d322bbfa/part.1: Io error: skip file

[2026-02-23 19:58:24.023290 +00:00] WARN [rustfs_scanner::scanner_folder] [crates/scanner/src/scanner_folder.rs:619] [rustfs-worker:ThreadId(32)] scan_folder: failed to get size for item /data/sboms/reports/sha256_341bf0f3ce6c5277d6002cf6e1fb0319fa4252add24ab6a0e262e0056d313208.scan-2.grype.json/4dcfa8fb-8aa8-4df1-b6b9-53e465f507bb/part.1: Io error: skip file

[2026-02-23 19:58:24.031149 +00:00] WARN [rustfs_scanner::scanner_folder] [crates/scanner/src/scanner_folder.rs:619] [rustfs-worker:ThreadId(32)] scan_folder: failed to get size for item /data/sboms/reports/sha256_341bf0f3ce6c5277d6002cf6e1fb0319fa4252add24ab6a0e262e0056d313208.scan-3.grype.json/58c4ea8d-339e-4309-8a84-1bf8fe846c45/part.1: Io error: skip file

[2026-02-23 19:58:24.039569 +00:00] WARN [rustfs_scanner::scanner_folder] [crates/scanner/src/scanner_folder.rs:619] [rustfs-worker:ThreadId(32)] scan_folder: failed to get size for item /data/sboms/reports/sha256_341bf0f3ce6c5277d6002cf6e1fb0319fa4252add24ab6a0e262e0056d313208.scan-4.grype.json/89830309-a00c-43b7-ad6e-f413b2253f24/part.1: Io error: skip file

[2026-02-23 19:58:24.049949 +00:00] WARN [rustfs_scanner::scanner_folder] [crates/scanner/src/scanner_folder.rs:619] [rustfs-worker:ThreadId(32)] scan_folder: failed to get size for item /data/sboms/sboms/sha256_341bf0f3ce6c5277d6002cf6e1fb0319fa4252add24ab6a0e262e0056d313208.syft.json/5c2993f8-01c8-45fa-99c1-4580c254a16e/part.1: Io error: skip file

[2026-02-23 19:59:24.634739 +00:00] WARN [rustfs_scanner::scanner_folder] [crates/scanner/src/scanner_folder.rs:619] [rustfs-worker:ThreadId(33)] scan_folder: failed to get size for item /data/sboms/reports/sha256_341bf0f3ce6c5277d6002cf6e1fb0319fa4252add24ab6a0e262e0056d313208.scan-1.grype.json/ccb676bf-fe72-492e-a23d-0750d322bbfa/part.1: Io error: skip file

[2026-02-23 19:59:24.642373 +00:00] WARN [rustfs_scanner::scanner_folder] [crates/scanner/src/scanner_folder.rs:619] [rustfs-worker:ThreadId(33)] scan_folder: failed to get size for item /data/sboms/reports/sha256_341bf0f3ce6c5277d6002cf6e1fb0319fa4252add24ab6a0e262e0056d313208.scan-2.grype.json/4dcfa8fb-8aa8-4df1-b6b9-53e465f507bb/part.1: Io error: skip file

[2026-02-23 19:59:24.651702 +00:00] WARN [rustfs_scanner::scanner_folder] [crates/scanner/src/scanner_folder.rs:619] [rustfs-worker:ThreadId(33)] scan_folder: failed to get size for item /data/sboms/reports/sha256_341bf0f3ce6c5277d6002cf6e1fb0319fa4252add24ab6a0e262e0056d313208.scan-3.grype.json/58c4ea8d-339e-4309-8a84-1bf8fe846c45/part.1: Io error: skip file

[2026-02-23 19:59:24.659724 +00:00] WARN [rustfs_scanner::scanner_folder] [crates/scanner/src/scanner_folder.rs:619] [rustfs-worker:ThreadId(33)] scan_folder: failed to get size for item /data/sboms/reports/sha256_341bf0f3ce6c5277d6002cf6e1fb0319fa4252add24ab6a0e262e0056d313208.scan-4.grype.json/89830309-a00c-43b7-ad6e-f413b2253f24/part.1: Io error: skip file

[2026-02-23 19:59:24.669463 +00:00] WARN [rustfs_scanner::scanner_folder] [crates/scanner/src/scanner_folder.rs:619] [rustfs-worker:ThreadId(33)] scan_folder: failed to get size for item /data/sboms/sboms/sha256_341bf0f3ce6c5277d6002cf6e1fb0319fa4252add24ab6a0e262e0056d313208.syft.json/5c2993f8-01c8-45fa-99c1-4580c254a16e/part.1: Io error: skip file

