[2026-02-23 23:02:20.179725 +00:00] WARN [rustfs::server::http] [rustfs/src/server/http.rs:199] [main:ThreadId(1)] Detected default credentials 'rustfsadmin:rustfsadmin', we recommend that you change these values with 'RUSTFS_ACCESS_KEY' and 'RUSTFS_SECRET_KEY' environment variables

[2026-02-23 23:02:22.055367 +00:00] WARN [rustfs::init] [rustfs/src/init.rs:100] [main:ThreadId(1)] Global region is not set; attempting notification configuration for all buckets with an empty region.

[2026-02-23 23:02:24.232714 +00:00] WARN [rustfs_scanner::scanner_folder] [crates/scanner/src/scanner_folder.rs:619] [rustfs-worker:ThreadId(26)] scan_folder: failed to get size for item /data/sboms/reports/sha256_341bf0f3ce6c5277d6002cf6e1fb0319fa4252add24ab6a0e262e0056d313208.scan-1.grype.json/cf650ba7-f1eb-4592-9d38-e814fcca4732/part.1: Io error: skip file

[2026-02-23 23:02:24.295637 +00:00] WARN [rustfs_scanner::scanner_folder] [crates/scanner/src/scanner_folder.rs:619] [rustfs-worker:ThreadId(26)] scan_folder: failed to get size for item /data/sboms/reports/sha256_341bf0f3ce6c5277d6002cf6e1fb0319fa4252add24ab6a0e262e0056d313208.scan-2.grype.json/4dcfa8fb-8aa8-4df1-b6b9-53e465f507bb/part.1: Io error: skip file

[2026-02-23 23:02:24.348721 +00:00] WARN [rustfs_scanner::scanner_folder] [crates/scanner/src/scanner_folder.rs:619] [rustfs-worker:ThreadId(26)] scan_folder: failed to get size for item /data/sboms/reports/sha256_341bf0f3ce6c5277d6002cf6e1fb0319fa4252add24ab6a0e262e0056d313208.scan-3.grype.json/58c4ea8d-339e-4309-8a84-1bf8fe846c45/part.1: Io error: skip file

[2026-02-23 23:02:24.399660 +00:00] WARN [rustfs_scanner::scanner_folder] [crates/scanner/src/scanner_folder.rs:619] [rustfs-worker:ThreadId(26)] scan_folder: failed to get size for item /data/sboms/reports/sha256_341bf0f3ce6c5277d6002cf6e1fb0319fa4252add24ab6a0e262e0056d313208.scan-4.grype.json/89830309-a00c-43b7-ad6e-f413b2253f24/part.1: Io error: skip file

[2026-02-23 23:02:24.460547 +00:00] WARN [rustfs_scanner::scanner_folder] [crates/scanner/src/scanner_folder.rs:619] [rustfs-worker:ThreadId(26)] scan_folder: failed to get size for item /data/sboms/sboms/sha256_341bf0f3ce6c5277d6002cf6e1fb0319fa4252add24ab6a0e262e0056d313208.syft.json/5c2993f8-01c8-45fa-99c1-4580c254a16e/part.1: Io error: skip file

[2026-02-23 23:03:26.084944 +00:00] WARN [rustfs_scanner::scanner_folder] [crates/scanner/src/scanner_folder.rs:619] [rustfs-worker:ThreadId(21)] scan_folder: failed to get size for item /data/sboms/reports/sha256_341bf0f3ce6c5277d6002cf6e1fb0319fa4252add24ab6a0e262e0056d313208.scan-1.grype.json/cf650ba7-f1eb-4592-9d38-e814fcca4732/part.1: Io error: skip file

[2026-02-23 23:03:26.110529 +00:00] WARN [rustfs_scanner::scanner_folder] [crates/scanner/src/scanner_folder.rs:619] [rustfs-worker:ThreadId(21)] scan_folder: failed to get size for item /data/sboms/reports/sha256_341bf0f3ce6c5277d6002cf6e1fb0319fa4252add24ab6a0e262e0056d313208.scan-2.grype.json/4dcfa8fb-8aa8-4df1-b6b9-53e465f507bb/part.1: Io error: skip file

[2026-02-23 23:03:26.141460 +00:00] WARN [rustfs_scanner::scanner_folder] [crates/scanner/src/scanner_folder.rs:619] [rustfs-worker:ThreadId(21)] scan_folder: failed to get size for item /data/sboms/reports/sha256_341bf0f3ce6c5277d6002cf6e1fb0319fa4252add24ab6a0e262e0056d313208.scan-3.grype.json/58c4ea8d-339e-4309-8a84-1bf8fe846c45/part.1: Io error: skip file

[2026-02-23 23:03:26.166703 +00:00] WARN [rustfs_scanner::scanner_folder] [crates/scanner/src/scanner_folder.rs:619] [rustfs-worker:ThreadId(21)] scan_folder: failed to get size for item /data/sboms/reports/sha256_341bf0f3ce6c5277d6002cf6e1fb0319fa4252add24ab6a0e262e0056d313208.scan-4.grype.json/89830309-a00c-43b7-ad6e-f413b2253f24/part.1: Io error: skip file

[2026-02-23 23:03:26.206778 +00:00] WARN [rustfs_scanner::scanner_folder] [crates/scanner/src/scanner_folder.rs:619] [rustfs-worker:ThreadId(21)] scan_folder: failed to get size for item /data/sboms/sboms/sha256_341bf0f3ce6c5277d6002cf6e1fb0319fa4252add24ab6a0e262e0056d313208.syft.json/5c2993f8-01c8-45fa-99c1-4580c254a16e/part.1: Io error: skip file

[2026-02-23 23:04:27.305869 +00:00] WARN [rustfs_scanner::scanner_folder] [crates/scanner/src/scanner_folder.rs:619] [rustfs-worker:ThreadId(26)] scan_folder: failed to get size for item /data/sboms/reports/sha256_341bf0f3ce6c5277d6002cf6e1fb0319fa4252add24ab6a0e262e0056d313208.scan-1.grype.json/cf650ba7-f1eb-4592-9d38-e814fcca4732/part.1: Io error: skip file

[2026-02-23 23:04:27.326155 +00:00] WARN [rustfs_scanner::scanner_folder] [crates/scanner/src/scanner_folder.rs:619] [rustfs-worker:ThreadId(26)] scan_folder: failed to get size for item /data/sboms/reports/sha256_341bf0f3ce6c5277d6002cf6e1fb0319fa4252add24ab6a0e262e0056d313208.scan-2.grype.json/4dcfa8fb-8aa8-4df1-b6b9-53e465f507bb/part.1: Io error: skip file

[2026-02-23 23:04:27.349227 +00:00] WARN [rustfs_scanner::scanner_folder] [crates/scanner/src/scanner_folder.rs:619] [rustfs-worker:ThreadId(26)] scan_folder: failed to get size for item /data/sboms/reports/sha256_341bf0f3ce6c5277d6002cf6e1fb0319fa4252add24ab6a0e262e0056d313208.scan-3.grype.json/58c4ea8d-339e-4309-8a84-1bf8fe846c45/part.1: Io error: skip file

[2026-02-23 23:04:27.372792 +00:00] WARN [rustfs_scanner::scanner_folder] [crates/scanner/src/scanner_folder.rs:619] [rustfs-worker:ThreadId(26)] scan_folder: failed to get size for item /data/sboms/reports/sha256_341bf0f3ce6c5277d6002cf6e1fb0319fa4252add24ab6a0e262e0056d313208.scan-4.grype.json/89830309-a00c-43b7-ad6e-f413b2253f24/part.1: Io error: skip file

[2026-02-23 23:04:27.435117 +00:00] WARN [rustfs_scanner::scanner_folder] [crates/scanner/src/scanner_folder.rs:619] [rustfs-worker:ThreadId(26)] scan_folder: failed to get size for item /data/sboms/sboms/sha256_341bf0f3ce6c5277d6002cf6e1fb0319fa4252add24ab6a0e262e0056d313208.syft.json/5c2993f8-01c8-45fa-99c1-4580c254a16e/part.1: Io error: skip file

[2026-02-23 23:05:28.285431 +00:00] WARN [rustfs_scanner::scanner_folder] [crates/scanner/src/scanner_folder.rs:619] [rustfs-worker:ThreadId(23)] scan_folder: failed to get size for item /data/sboms/reports/sha256_341bf0f3ce6c5277d6002cf6e1fb0319fa4252add24ab6a0e262e0056d313208.scan-1.grype.json/cf650ba7-f1eb-4592-9d38-e814fcca4732/part.1: Io error: skip file

[2026-02-23 23:05:28.307008 +00:00] WARN [rustfs_scanner::scanner_folder] [crates/scanner/src/scanner_folder.rs:619] [rustfs-worker:ThreadId(23)] scan_folder: failed to get size for item /data/sboms/reports/sha256_341bf0f3ce6c5277d6002cf6e1fb0319fa4252add24ab6a0e262e0056d313208.scan-2.grype.json/4dcfa8fb-8aa8-4df1-b6b9-53e465f507bb/part.1: Io error: skip file

[2026-02-23 23:05:28.327643 +00:00] WARN [rustfs_scanner::scanner_folder] [crates/scanner/src/scanner_folder.rs:619] [rustfs-worker:ThreadId(23)] scan_folder: failed to get size for item /data/sboms/reports/sha256_341bf0f3ce6c5277d6002cf6e1fb0319fa4252add24ab6a0e262e0056d313208.scan-3.grype.json/58c4ea8d-339e-4309-8a84-1bf8fe846c45/part.1: Io error: skip file

[2026-02-23 23:05:28.348227 +00:00] WARN [rustfs_scanner::scanner_folder] [crates/scanner/src/scanner_folder.rs:619] [rustfs-worker:ThreadId(23)] scan_folder: failed to get size for item /data/sboms/reports/sha256_341bf0f3ce6c5277d6002cf6e1fb0319fa4252add24ab6a0e262e0056d313208.scan-4.grype.json/89830309-a00c-43b7-ad6e-f413b2253f24/part.1: Io error: skip file

[2026-02-23 23:05:28.375841 +00:00] WARN [rustfs_scanner::scanner_folder] [crates/scanner/src/scanner_folder.rs:619] [rustfs-worker:ThreadId(23)] scan_folder: failed to get size for item /data/sboms/sboms/sha256_341bf0f3ce6c5277d6002cf6e1fb0319fa4252add24ab6a0e262e0056d313208.syft.json/5c2993f8-01c8-45fa-99c1-4580c254a16e/part.1: Io error: skip file

[2026-02-23 23:06:29.328130 +00:00] WARN [rustfs_scanner::scanner_folder] [crates/scanner/src/scanner_folder.rs:619] [rustfs-worker:ThreadId(23)] scan_folder: failed to get size for item /data/sboms/reports/sha256_341bf0f3ce6c5277d6002cf6e1fb0319fa4252add24ab6a0e262e0056d313208.scan-1.grype.json/cf650ba7-f1eb-4592-9d38-e814fcca4732/part.1: Io error: skip file

[2026-02-23 23:06:29.355594 +00:00] WARN [rustfs_scanner::scanner_folder] [crates/scanner/src/scanner_folder.rs:619] [rustfs-worker:ThreadId(23)] scan_folder: failed to get size for item /data/sboms/reports/sha256_341bf0f3ce6c5277d6002cf6e1fb0319fa4252add24ab6a0e262e0056d313208.scan-2.grype.json/4dcfa8fb-8aa8-4df1-b6b9-53e465f507bb/part.1: Io error: skip file

[2026-02-23 23:06:29.374417 +00:00] WARN [rustfs_scanner::scanner_folder] [crates/scanner/src/scanner_folder.rs:619] [rustfs-worker:ThreadId(23)] scan_folder: failed to get size for item /data/sboms/reports/sha256_341bf0f3ce6c5277d6002cf6e1fb0319fa4252add24ab6a0e262e0056d313208.scan-3.grype.json/58c4ea8d-339e-4309-8a84-1bf8fe846c45/part.1: Io error: skip file

[2026-02-23 23:06:29.398828 +00:00] WARN [rustfs_scanner::scanner_folder] [crates/scanner/src/scanner_folder.rs:619] [rustfs-worker:ThreadId(23)] scan_folder: failed to get size for item /data/sboms/reports/sha256_341bf0f3ce6c5277d6002cf6e1fb0319fa4252add24ab6a0e262e0056d313208.scan-4.grype.json/89830309-a00c-43b7-ad6e-f413b2253f24/part.1: Io error: skip file

[2026-02-23 23:06:29.432132 +00:00] WARN [rustfs_scanner::scanner_folder] [crates/scanner/src/scanner_folder.rs:619] [rustfs-worker:ThreadId(23)] scan_folder: failed to get size for item /data/sboms/sboms/sha256_341bf0f3ce6c5277d6002cf6e1fb0319fa4252add24ab6a0e262e0056d313208.syft.json/5c2993f8-01c8-45fa-99c1-4580c254a16e/part.1: Io error: skip file

[2026-02-23 23:07:30.546346 +00:00] WARN [rustfs_scanner::scanner_folder] [crates/scanner/src/scanner_folder.rs:619] [rustfs-worker:ThreadId(29)] scan_folder: failed to get size for item /data/sboms/reports/sha256_341bf0f3ce6c5277d6002cf6e1fb0319fa4252add24ab6a0e262e0056d313208.scan-1.grype.json/cf650ba7-f1eb-4592-9d38-e814fcca4732/part.1: Io error: skip file

[2026-02-23 23:07:30.566716 +00:00] WARN [rustfs_scanner::scanner_folder] [crates/scanner/src/scanner_folder.rs:619] [rustfs-worker:ThreadId(29)] scan_folder: failed to get size for item /data/sboms/reports/sha256_341bf0f3ce6c5277d6002cf6e1fb0319fa4252add24ab6a0e262e0056d313208.scan-2.grype.json/4dcfa8fb-8aa8-4df1-b6b9-53e465f507bb/part.1: Io error: skip file

[2026-02-23 23:07:30.591407 +00:00] WARN [rustfs_scanner::scanner_folder] [crates/scanner/src/scanner_folder.rs:619] [rustfs-worker:ThreadId(29)] scan_folder: failed to get size for item /data/sboms/reports/sha256_341bf0f3ce6c5277d6002cf6e1fb0319fa4252add24ab6a0e262e0056d313208.scan-3.grype.json/58c4ea8d-339e-4309-8a84-1bf8fe846c45/part.1: Io error: skip file

[2026-02-23 23:07:30.618421 +00:00] WARN [rustfs_scanner::scanner_folder] [crates/scanner/src/scanner_folder.rs:619] [rustfs-worker:ThreadId(29)] scan_folder: failed to get size for item /data/sboms/reports/sha256_341bf0f3ce6c5277d6002cf6e1fb0319fa4252add24ab6a0e262e0056d313208.scan-4.grype.json/89830309-a00c-43b7-ad6e-f413b2253f24/part.1: Io error: skip file

[2026-02-23 23:07:30.679537 +00:00] WARN [rustfs_scanner::scanner_folder] [crates/scanner/src/scanner_folder.rs:619] [rustfs-worker:ThreadId(29)] scan_folder: failed to get size for item /data/sboms/sboms/sha256_341bf0f3ce6c5277d6002cf6e1fb0319fa4252add24ab6a0e262e0056d313208.syft.json/5c2993f8-01c8-45fa-99c1-4580c254a16e/part.1: Io error: skip file

[2026-02-23 23:08:31.667971 +00:00] WARN [rustfs_scanner::scanner_folder] [crates/scanner/src/scanner_folder.rs:619] [rustfs-worker:ThreadId(29)] scan_folder: failed to get size for item /data/sboms/reports/sha256_341bf0f3ce6c5277d6002cf6e1fb0319fa4252add24ab6a0e262e0056d313208.scan-1.grype.json/cf650ba7-f1eb-4592-9d38-e814fcca4732/part.1: Io error: skip file

[2026-02-23 23:08:31.690140 +00:00] WARN [rustfs_scanner::scanner_folder] [crates/scanner/src/scanner_folder.rs:619] [rustfs-worker:ThreadId(29)] scan_folder: failed to get size for item /data/sboms/reports/sha256_341bf0f3ce6c5277d6002cf6e1fb0319fa4252add24ab6a0e262e0056d313208.scan-2.grype.json/4dcfa8fb-8aa8-4df1-b6b9-53e465f507bb/part.1: Io error: skip file

[2026-02-23 23:08:31.715277 +00:00] WARN [rustfs_scanner::scanner_folder] [crates/scanner/src/scanner_folder.rs:619] [rustfs-worker:ThreadId(29)] scan_folder: failed to get size for item /data/sboms/reports/sha256_341bf0f3ce6c5277d6002cf6e1fb0319fa4252add24ab6a0e262e0056d313208.scan-3.grype.json/58c4ea8d-339e-4309-8a84-1bf8fe846c45/part.1: Io error: skip file

[2026-02-23 23:08:31.735220 +00:00] WARN [rustfs_scanner::scanner_folder] [crates/scanner/src/scanner_folder.rs:619] [rustfs-worker:ThreadId(29)] scan_folder: failed to get size for item /data/sboms/reports/sha256_341bf0f3ce6c5277d6002cf6e1fb0319fa4252add24ab6a0e262e0056d313208.scan-4.grype.json/89830309-a00c-43b7-ad6e-f413b2253f24/part.1: Io error: skip file

[2026-02-23 23:08:31.761204 +00:00] WARN [rustfs_scanner::scanner_folder] [crates/scanner/src/scanner_folder.rs:619] [rustfs-worker:ThreadId(29)] scan_folder: failed to get size for item /data/sboms/sboms/sha256_341bf0f3ce6c5277d6002cf6e1fb0319fa4252add24ab6a0e262e0056d313208.syft.json/5c2993f8-01c8-45fa-99c1-4580c254a16e/part.1: Io error: skip file

[2026-02-23 23:08:53.265125 +00:00] WARN [rustfs::server::http] [rustfs/src/server/http.rs:651] [rustfs-worker:ThreadId(21)] Failed to propagate tracing context: `SpanDisabled`

[2026-02-23 23:08:53.497610 +00:00] WARN [rustfs::server::http] [rustfs/src/server/http.rs:651] [rustfs-worker:ThreadId(29)] Failed to propagate tracing context: `SpanDisabled`

[2026-02-23 23:08:53.523625 +00:00] WARN [rustfs::server::http] [rustfs/src/server/http.rs:651] [rustfs-worker:ThreadId(21)] Failed to propagate tracing context: `SpanDisabled`

[2026-02-23 23:08:53.523831 +00:00] WARN [rustfs::server::http] [rustfs/src/server/http.rs:651] [rustfs-worker:ThreadId(23)] Failed to propagate tracing context: `SpanDisabled`

[2026-02-23 23:08:53.524068 +00:00] WARN [rustfs::server::http] [rustfs/src/server/http.rs:651] [rustfs-worker:ThreadId(26)] Failed to propagate tracing context: `SpanDisabled`

[2026-02-23 23:08:53.524352 +00:00] WARN [rustfs::server::http] [rustfs/src/server/http.rs:651] [rustfs-worker:ThreadId(29)] Failed to propagate tracing context: `SpanDisabled`

[2026-02-23 23:08:53.539783 +00:00] WARN [rustfs::server::http] [rustfs/src/server/http.rs:651] [rustfs-worker:ThreadId(28)] Failed to propagate tracing context: `SpanDisabled`

[2026-02-23 23:08:53.555916 +00:00] WARN [rustfs::server::http] [rustfs/src/server/http.rs:651] [rustfs-worker:ThreadId(23)] Failed to propagate tracing context: `SpanDisabled`

[2026-02-23 23:08:53.567223 +00:00] WARN [rustfs::server::http] [rustfs/src/server/http.rs:651] [rustfs-worker:ThreadId(21)] Failed to propagate tracing context: `SpanDisabled`

[2026-02-23 23:08:53.597215 +00:00] WARN [rustfs::server::http] [rustfs/src/server/http.rs:651] [rustfs-worker:ThreadId(26)] Failed to propagate tracing context: `SpanDisabled`

[2026-02-23 23:08:53.598458 +00:00] WARN [rustfs::server::http] [rustfs/src/server/http.rs:651] [rustfs-worker:ThreadId(29)] Failed to propagate tracing context: `SpanDisabled`

[2026-02-23 23:08:53.622765 +00:00] WARN [rustfs::server::http] [rustfs/src/server/http.rs:651] [rustfs-worker:ThreadId(24)] Failed to propagate tracing context: `SpanDisabled`

[2026-02-23 23:08:53.646240 +00:00] WARN [rustfs::server::http] [rustfs/src/server/http.rs:651] [rustfs-worker:ThreadId(21)] Failed to propagate tracing context: `SpanDisabled`

[2026-02-23 23:08:53.656462 +00:00] WARN [rustfs::server::http] [rustfs/src/server/http.rs:651] [rustfs-worker:ThreadId(21)] Failed to propagate tracing context: `SpanDisabled`

[2026-02-23 23:08:53.656463 +00:00] WARN [rustfs::server::http] [rustfs/src/server/http.rs:651] [rustfs-worker:ThreadId(29)] Failed to propagate tracing context: `SpanDisabled`

[2026-02-23 23:08:53.693797 +00:00] WARN [rustfs::server::http] [rustfs/src/server/http.rs:651] [rustfs-worker:ThreadId(23)] Failed to propagate tracing context: `SpanDisabled`

[2026-02-23 23:08:53.720217 +00:00] WARN [rustfs::server::http] [rustfs/src/server/http.rs:651] [rustfs-worker:ThreadId(23)] Failed to propagate tracing context: `SpanDisabled`

[2026-02-23 23:08:53.729456 +00:00] WARN [rustfs::server::http] [rustfs/src/server/http.rs:651] [rustfs-worker:ThreadId(23)] Failed to propagate tracing context: `SpanDisabled`

[2026-02-23 23:08:53.729632 +00:00] WARN [rustfs::server::http] [rustfs/src/server/http.rs:651] [rustfs-worker:ThreadId(29)] Failed to propagate tracing context: `SpanDisabled`

[2026-02-23 23:08:53.729681 +00:00] WARN [rustfs::server::http] [rustfs/src/server/http.rs:651] [rustfs-worker:ThreadId(21)] Failed to propagate tracing context: `SpanDisabled`

[2026-02-23 23:08:53.730872 +00:00] WARN [rustfs::server::http] [rustfs/src/server/http.rs:651] [rustfs-worker:ThreadId(24)] Failed to propagate tracing context: `SpanDisabled`

[2026-02-23 23:08:53.731249 +00:00] WARN [rustfs::server::http] [rustfs/src/server/http.rs:651] [rustfs-worker:ThreadId(28)] Failed to propagate tracing context: `SpanDisabled`

[2026-02-23 23:08:53.742694 +00:00] WARN [rustfs::server::http] [rustfs/src/server/http.rs:651] [rustfs-worker:ThreadId(26)] Failed to propagate tracing context: `SpanDisabled`

[2026-02-23 23:08:53.753824 +00:00] WARN [rustfs::server::http] [rustfs/src/server/http.rs:651] [rustfs-worker:ThreadId(28)] Failed to propagate tracing context: `SpanDisabled`

[2026-02-23 23:08:53.755875 +00:00] WARN [rustfs::server::http] [rustfs/src/server/http.rs:651] [rustfs-worker:ThreadId(21)] Failed to propagate tracing context: `SpanDisabled`

[2026-02-23 23:08:53.760751 +00:00] WARN [rustfs::server::http] [rustfs/src/server/http.rs:651] [rustfs-worker:ThreadId(28)] Failed to propagate tracing context: `SpanDisabled`

[2026-02-23 23:08:53.772437 +00:00] WARN [rustfs::server::http] [rustfs/src/server/http.rs:651] [rustfs-worker:ThreadId(21)] Failed to propagate tracing context: `SpanDisabled`

[2026-02-23 23:08:53.778539 +00:00] WARN [rustfs::server::http] [rustfs/src/server/http.rs:651] [rustfs-worker:ThreadId(26)] Failed to propagate tracing context: `SpanDisabled`

[2026-02-23 23:08:53.778513 +00:00] WARN [rustfs::server::http] [rustfs/src/server/http.rs:651] [rustfs-worker:ThreadId(21)] Failed to propagate tracing context: `SpanDisabled`

[2026-02-23 23:08:53.780615 +00:00] WARN [rustfs::server::http] [rustfs/src/server/http.rs:651] [rustfs-worker:ThreadId(24)] Failed to propagate tracing context: `SpanDisabled`

[2026-02-23 23:08:53.784329 +00:00] WARN [rustfs::server::http] [rustfs/src/server/http.rs:651] [rustfs-worker:ThreadId(28)] Failed to propagate tracing context: `SpanDisabled`

[2026-02-23 23:08:54.551665 +00:00] WARN [rustfs::server::http] [rustfs/src/server/http.rs:651] [rustfs-worker:ThreadId(21)] Failed to propagate tracing context: `SpanDisabled`

[2026-02-23 23:08:54.587259 +00:00] WARN [rustfs::server::http] [rustfs/src/server/http.rs:651] [rustfs-worker:ThreadId(21)] Failed to propagate tracing context: `SpanDisabled`

[2026-02-23 23:08:54.689618 +00:00] WARN [rustfs::server::http] [rustfs/src/server/http.rs:651] [rustfs-worker:ThreadId(21)] Failed to propagate tracing context: `SpanDisabled`

[2026-02-23 23:08:54.717197 +00:00] WARN [rustfs::server::http] [rustfs/src/server/http.rs:651] [rustfs-worker:ThreadId(21)] Failed to propagate tracing context: `SpanDisabled`

[2026-02-23 23:08:54.740113 +00:00] WARN [rustfs::server::http] [rustfs/src/server/http.rs:651] [rustfs-worker:ThreadId(21)] Failed to propagate tracing context: `SpanDisabled`

[2026-02-23 23:08:54.758606 +00:00] WARN [rustfs::server::http] [rustfs/src/server/http.rs:651] [rustfs-worker:ThreadId(21)] Failed to propagate tracing context: `SpanDisabled`

[2026-02-23 23:08:54.776239 +00:00] WARN [rustfs::server::http] [rustfs/src/server/http.rs:651] [rustfs-worker:ThreadId(21)] Failed to propagate tracing context: `SpanDisabled`

[2026-02-23 23:08:55.005296 +00:00] WARN [rustfs::server::http] [rustfs/src/server/http.rs:651] [rustfs-worker:ThreadId(24)] Failed to propagate tracing context: `SpanDisabled`

[2026-02-23 23:08:55.052160 +00:00] WARN [rustfs::server::http] [rustfs/src/server/http.rs:651] [rustfs-worker:ThreadId(24)] Failed to propagate tracing context: `SpanDisabled`

[2026-02-23 23:08:55.075079 +00:00] WARN [rustfs::server::http] [rustfs/src/server/http.rs:651] [rustfs-worker:ThreadId(24)] Failed to propagate tracing context: `SpanDisabled`

[2026-02-23 23:08:55.094912 +00:00] WARN [rustfs::server::http] [rustfs/src/server/http.rs:651] [rustfs-worker:ThreadId(24)] Failed to propagate tracing context: `SpanDisabled`

[2026-02-23 23:08:55.115805 +00:00] WARN [rustfs::server::http] [rustfs/src/server/http.rs:651] [rustfs-worker:ThreadId(24)] Failed to propagate tracing context: `SpanDisabled`

[2026-02-23 23:08:55.136175 +00:00] WARN [rustfs::server::http] [rustfs/src/server/http.rs:651] [rustfs-worker:ThreadId(24)] Failed to propagate tracing context: `SpanDisabled`

[2026-02-23 23:08:55.189152 +00:00] WARN [rustfs::server::http] [rustfs/src/server/http.rs:651] [rustfs-worker:ThreadId(24)] Failed to propagate tracing context: `SpanDisabled`

[2026-02-23 23:08:55.366964 +00:00] WARN [rustfs::server::http] [rustfs/src/server/http.rs:651] [rustfs-worker:ThreadId(24)] Failed to propagate tracing context: `SpanDisabled`

[2026-02-23 23:08:55.381953 +00:00] WARN [rustfs::server::http] [rustfs/src/server/http.rs:651] [rustfs-worker:ThreadId(24)] Failed to propagate tracing context: `SpanDisabled`

[2026-02-23 23:08:55.394861 +00:00] WARN [rustfs::server::http] [rustfs/src/server/http.rs:651] [rustfs-worker:ThreadId(24)] Failed to propagate tracing context: `SpanDisabled`

[2026-02-23 23:08:55.405520 +00:00] WARN [rustfs::server::http] [rustfs/src/server/http.rs:651] [rustfs-worker:ThreadId(24)] Failed to propagate tracing context: `SpanDisabled`

[2026-02-23 23:08:55.405546 +00:00] WARN [rustfs::server::http] [rustfs/src/server/http.rs:651] [rustfs-worker:ThreadId(21)] Failed to propagate tracing context: `SpanDisabled`

[2026-02-23 23:08:55.406132 +00:00] WARN [rustfs::server::http] [rustfs/src/server/http.rs:651] [rustfs-worker:ThreadId(26)] Failed to propagate tracing context: `SpanDisabled`

[2026-02-23 23:08:55.406307 +00:00] WARN [rustfs::server::http] [rustfs/src/server/http.rs:651] [rustfs-worker:ThreadId(29)] Failed to propagate tracing context: `SpanDisabled`

[2026-02-23 23:08:55.407116 +00:00] WARN [rustfs::server::http] [rustfs/src/server/http.rs:651] [rustfs-worker:ThreadId(28)] Failed to propagate tracing context: `SpanDisabled`

[2026-02-23 23:08:55.424007 +00:00] WARN [rustfs::server::http] [rustfs/src/server/http.rs:651] [rustfs-worker:ThreadId(23)] Failed to propagate tracing context: `SpanDisabled`

[2026-02-23 23:08:55.778971 +00:00] WARN [rustfs::server::http] [rustfs/src/server/http.rs:651] [rustfs-worker:ThreadId(21)] Failed to propagate tracing context: `SpanDisabled`

[2026-02-23 23:08:55.804652 +00:00] WARN [rustfs::server::http] [rustfs/src/server/http.rs:651] [rustfs-worker:ThreadId(21)] Failed to propagate tracing context: `SpanDisabled`

[2026-02-23 23:08:55.804706 +00:00] WARN [rustfs::server::http] [rustfs/src/server/http.rs:651] [rustfs-worker:ThreadId(28)] Failed to propagate tracing context: `SpanDisabled`

[2026-02-23 23:08:55.804877 +00:00] WARN [rustfs::server::http] [rustfs/src/server/http.rs:651] [rustfs-worker:ThreadId(26)] Failed to propagate tracing context: `SpanDisabled`

[2026-02-23 23:08:55.804968 +00:00] WARN [rustfs::server::http] [rustfs/src/server/http.rs:651] [rustfs-worker:ThreadId(29)] Failed to propagate tracing context: `SpanDisabled`

[2026-02-23 23:08:55.805086 +00:00] WARN [rustfs::server::http] [rustfs/src/server/http.rs:651] [rustfs-worker:ThreadId(23)] Failed to propagate tracing context: `SpanDisabled`

[2026-02-23 23:08:55.814589 +00:00] WARN [rustfs::server::http] [rustfs/src/server/http.rs:651] [rustfs-worker:ThreadId(24)] Failed to propagate tracing context: `SpanDisabled`

[2026-02-23 23:08:55.832178 +00:00] WARN [rustfs::server::http] [rustfs/src/server/http.rs:651] [rustfs-worker:ThreadId(23)] Failed to propagate tracing context: `SpanDisabled`

[2026-02-23 23:08:55.834889 +00:00] WARN [rustfs::server::http] [rustfs/src/server/http.rs:651] [rustfs-worker:ThreadId(24)] Failed to propagate tracing context: `SpanDisabled`

[2026-02-23 23:08:55.834801 +00:00] WARN [rustfs::server::http] [rustfs/src/server/http.rs:651] [rustfs-worker:ThreadId(23)] Failed to propagate tracing context: `SpanDisabled`

[2026-02-23 23:08:55.834985 +00:00] WARN [rustfs::server::http] [rustfs/src/server/http.rs:651] [rustfs-worker:ThreadId(29)] Failed to propagate tracing context: `SpanDisabled`

[2026-02-23 23:08:55.864285 +00:00] WARN [rustfs::server::http] [rustfs/src/server/http.rs:651] [rustfs-worker:ThreadId(21)] Failed to propagate tracing context: `SpanDisabled`

[2026-02-23 23:08:55.864660 +00:00] WARN [rustfs::admin::handlers] [rustfs/src/admin/handlers.rs:491] [rustfs-worker:ThreadId(21)] handle DataUsageInfoHandler

[2026-02-23 23:08:55.884405 +00:00] WARN [rustfs::server::http] [rustfs/src/server/http.rs:651] [rustfs-worker:ThreadId(23)] Failed to propagate tracing context: `SpanDisabled`

[2026-02-23 23:08:55.886663 +00:00] WARN [rustfs::server::http] [rustfs/src/server/http.rs:651] [rustfs-worker:ThreadId(23)] Failed to propagate tracing context: `SpanDisabled`

[2026-02-23 23:08:55.893024 +00:00] WARN [rustfs::server::http] [rustfs/src/server/http.rs:651] [rustfs-worker:ThreadId(23)] Failed to propagate tracing context: `SpanDisabled`

[2026-02-23 23:08:55.896931 +00:00] WARN [rustfs::server::http] [rustfs/src/server/http.rs:651] [rustfs-worker:ThreadId(23)] Failed to propagate tracing context: `SpanDisabled`

[2026-02-23 23:08:55.897882 +00:00] WARN [rustfs::server::http] [rustfs/src/server/http.rs:651] [rustfs-worker:ThreadId(23)] Failed to propagate tracing context: `SpanDisabled`

[2026-02-23 23:08:55.904077 +00:00] WARN [rustfs::server::http] [rustfs/src/server/http.rs:651] [rustfs-worker:ThreadId(23)] Failed to propagate tracing context: `SpanDisabled`

[2026-02-23 23:08:55.907932 +00:00] WARN [rustfs::server::http] [rustfs/src/server/http.rs:651] [rustfs-worker:ThreadId(23)] Failed to propagate tracing context: `SpanDisabled`

[2026-02-23 23:08:55.914154 +00:00] WARN [rustfs::server::http] [rustfs/src/server/http.rs:651] [rustfs-worker:ThreadId(23)] Failed to propagate tracing context: `SpanDisabled`

[2026-02-23 23:08:55.919392 +00:00] WARN [rustfs::server::http] [rustfs/src/server/http.rs:651] [rustfs-worker:ThreadId(23)] Failed to propagate tracing context: `SpanDisabled`

[2026-02-23 23:08:55.924284 +00:00] WARN [rustfs::server::http] [rustfs/src/server/http.rs:651] [rustfs-worker:ThreadId(23)] Failed to propagate tracing context: `SpanDisabled`

[2026-02-23 23:08:55.925557 +00:00] WARN [rustfs::server::http] [rustfs/src/server/http.rs:651] [rustfs-worker:ThreadId(23)] Failed to propagate tracing context: `SpanDisabled`

[2026-02-23 23:08:55.932677 +00:00] WARN [rustfs::server::http] [rustfs/src/server/http.rs:651] [rustfs-worker:ThreadId(29)] Failed to propagate tracing context: `SpanDisabled`

[2026-02-23 23:08:55.937883 +00:00] WARN [rustfs::server::http] [rustfs/src/server/http.rs:651] [rustfs-worker:ThreadId(29)] Failed to propagate tracing context: `SpanDisabled`

[2026-02-23 23:08:55.940607 +00:00] WARN [rustfs::server::http] [rustfs/src/server/http.rs:651] [rustfs-worker:ThreadId(29)] Failed to propagate tracing context: `SpanDisabled`

[2026-02-23 23:08:55.944448 +00:00] WARN [rustfs::server::http] [rustfs/src/server/http.rs:651] [rustfs-worker:ThreadId(29)] Failed to propagate tracing context: `SpanDisabled`

[2026-02-23 23:08:55.950931 +00:00] WARN [rustfs::server::http] [rustfs/src/server/http.rs:651] [rustfs-worker:ThreadId(29)] Failed to propagate tracing context: `SpanDisabled`

[2026-02-23 23:08:55.955170 +00:00] WARN [rustfs_ecstore::data_usage] [crates/ecstore/src/data_usage.rs:126] [rustfs-worker:ThreadId(23)] Loaded data is empty, supplementing with basic statistics

[2026-02-23 23:08:56.044855 +00:00] WARN [rustfs::server::http] [rustfs/src/server/http.rs:651] [rustfs-worker:ThreadId(29)] Failed to propagate tracing context: `SpanDisabled`

[2026-02-23 23:08:56.145144 +00:00] WARN [rustfs::server::http] [rustfs/src/server/http.rs:651] [rustfs-worker:ThreadId(29)] Failed to propagate tracing context: `SpanDisabled`

[2026-02-23 23:08:56.148773 +00:00] WARN [rustfs::server::http] [rustfs/src/server/http.rs:651] [rustfs-worker:ThreadId(29)] Failed to propagate tracing context: `SpanDisabled`

[2026-02-23 23:08:56.149285 +00:00] WARN [rustfs::server::http] [rustfs/src/server/http.rs:651] [rustfs-worker:ThreadId(21)] Failed to propagate tracing context: `SpanDisabled`

[2026-02-23 23:08:56.163923 +00:00] WARN [rustfs::server::http] [rustfs/src/server/http.rs:651] [rustfs-worker:ThreadId(24)] Failed to propagate tracing context: `SpanDisabled`

[2026-02-23 23:08:56.167708 +00:00] WARN [rustfs::server::http] [rustfs/src/server/http.rs:651] [rustfs-worker:ThreadId(24)] Failed to propagate tracing context: `SpanDisabled`

[2026-02-23 23:08:56.167918 +00:00] WARN [rustfs::server::http] [rustfs/src/server/http.rs:651] [rustfs-worker:ThreadId(21)] Failed to propagate tracing context: `SpanDisabled`

[2026-02-23 23:08:56.182394 +00:00] WARN [rustfs::server::http] [rustfs/src/server/http.rs:651] [rustfs-worker:ThreadId(24)] Failed to propagate tracing context: `SpanDisabled`

[2026-02-23 23:08:56.205823 +00:00] WARN [rustfs::server::http] [rustfs/src/server/http.rs:651] [rustfs-worker:ThreadId(21)] Failed to propagate tracing context: `SpanDisabled`

[2026-02-23 23:08:56.205992 +00:00] WARN [rustfs::server::http] [rustfs/src/server/http.rs:651] [rustfs-worker:ThreadId(29)] Failed to propagate tracing context: `SpanDisabled`

[2026-02-23 23:08:56.206036 +00:00] WARN [rustfs::server::http] [rustfs/src/server/http.rs:651] [rustfs-worker:ThreadId(26)] Failed to propagate tracing context: `SpanDisabled`

[2026-02-23 23:08:56.217513 +00:00] WARN [rustfs::server::http] [rustfs/src/server/http.rs:651] [rustfs-worker:ThreadId(21)] Failed to propagate tracing context: `SpanDisabled`

[2026-02-23 23:08:56.234391 +00:00] WARN [rustfs::server::http] [rustfs/src/server/http.rs:651] [rustfs-worker:ThreadId(22)] Failed to propagate tracing context: `SpanDisabled`

[2026-02-23 23:08:56.239178 +00:00] WARN [rustfs::server::http] [rustfs/src/server/http.rs:651] [rustfs-worker:ThreadId(26)] Failed to propagate tracing context: `SpanDisabled`

[2026-02-23 23:08:56.249717 +00:00] WARN [rustfs::server::http] [rustfs/src/server/http.rs:651] [rustfs-worker:ThreadId(28)] Failed to propagate tracing context: `SpanDisabled`

[2026-02-23 23:08:56.253500 +00:00] WARN [rustfs::server::http] [rustfs/src/server/http.rs:651] [rustfs-worker:ThreadId(26)] Failed to propagate tracing context: `SpanDisabled`

[2026-02-23 23:08:56.258988 +00:00] WARN [rustfs::server::http] [rustfs/src/server/http.rs:651] [rustfs-worker:ThreadId(21)] Failed to propagate tracing context: `SpanDisabled`

[2026-02-23 23:08:56.275769 +00:00] WARN [rustfs::server::http] [rustfs/src/server/http.rs:651] [rustfs-worker:ThreadId(22)] Failed to propagate tracing context: `SpanDisabled`

[2026-02-23 23:08:56.279689 +00:00] WARN [rustfs::server::http] [rustfs/src/server/http.rs:651] [rustfs-worker:ThreadId(21)] Failed to propagate tracing context: `SpanDisabled`

[2026-02-23 23:08:56.296356 +00:00] WARN [rustfs::server::http] [rustfs/src/server/http.rs:651] [rustfs-worker:ThreadId(22)] Failed to propagate tracing context: `SpanDisabled`

[2026-02-23 23:08:56.296491 +00:00] WARN [rustfs::server::http] [rustfs/src/server/http.rs:651] [rustfs-worker:ThreadId(29)] Failed to propagate tracing context: `SpanDisabled`

[2026-02-23 23:08:56.296541 +00:00] WARN [rustfs::server::http] [rustfs/src/server/http.rs:651] [rustfs-worker:ThreadId(28)] Failed to propagate tracing context: `SpanDisabled`

[2026-02-23 23:08:56.296685 +00:00] WARN [rustfs::server::http] [rustfs/src/server/http.rs:651] [rustfs-worker:ThreadId(24)] Failed to propagate tracing context: `SpanDisabled`

[2026-02-23 23:08:56.306542 +00:00] WARN [rustfs::server::http] [rustfs/src/server/http.rs:651] [rustfs-worker:ThreadId(23)] Failed to propagate tracing context: `SpanDisabled`

[2026-02-23 23:08:56.322846 +00:00] WARN [rustfs::server::http] [rustfs/src/server/http.rs:651] [rustfs-worker:ThreadId(26)] Failed to propagate tracing context: `SpanDisabled`

[2026-02-23 23:08:56.327918 +00:00] WARN [rustfs::server::http] [rustfs/src/server/http.rs:651] [rustfs-worker:ThreadId(26)] Failed to propagate tracing context: `SpanDisabled`

[2026-02-23 23:08:56.343016 +00:00] WARN [rustfs::server::http] [rustfs/src/server/http.rs:651] [rustfs-worker:ThreadId(29)] Failed to propagate tracing context: `SpanDisabled`

[2026-02-23 23:08:56.346690 +00:00] WARN [rustfs::server::http] [rustfs/src/server/http.rs:651] [rustfs-worker:ThreadId(29)] Failed to propagate tracing context: `SpanDisabled`

[2026-02-23 23:08:56.346817 +00:00] WARN [rustfs::server::http] [rustfs/src/server/http.rs:651] [rustfs-worker:ThreadId(26)] Failed to propagate tracing context: `SpanDisabled`

[2026-02-23 23:08:56.347111 +00:00] WARN [rustfs::server::http] [rustfs/src/server/http.rs:651] [rustfs-worker:ThreadId(28)] Failed to propagate tracing context: `SpanDisabled`

[2026-02-23 23:08:56.449939 +00:00] WARN [rustfs::server::http] [rustfs/src/server/http.rs:651] [rustfs-worker:ThreadId(29)] Failed to propagate tracing context: `SpanDisabled`

[2026-02-23 23:08:56.449940 +00:00] WARN [rustfs::server::http] [rustfs/src/server/http.rs:651] [rustfs-worker:ThreadId(26)] Failed to propagate tracing context: `SpanDisabled`

[2026-02-23 23:08:56.450441 +00:00] WARN [rustfs::server::http] [rustfs/src/server/http.rs:651] [rustfs-worker:ThreadId(23)] Failed to propagate tracing context: `SpanDisabled`

[2026-02-23 23:08:56.455063 +00:00] WARN [rustfs::server::http] [rustfs/src/server/http.rs:651] [rustfs-worker:ThreadId(29)] Failed to propagate tracing context: `SpanDisabled`

[2026-02-23 23:08:56.460760 +00:00] WARN [rustfs::server::http] [rustfs/src/server/http.rs:651] [rustfs-worker:ThreadId(23)] Failed to propagate tracing context: `SpanDisabled`

[2026-02-23 23:08:56.461800 +00:00] WARN [rustfs::server::http] [rustfs/src/server/http.rs:651] [rustfs-worker:ThreadId(29)] Failed to propagate tracing context: `SpanDisabled`

[2026-02-23 23:08:56.473118 +00:00] WARN [rustfs::server::http] [rustfs/src/server/http.rs:651] [rustfs-worker:ThreadId(26)] Failed to propagate tracing context: `SpanDisabled`

[2026-02-23 23:08:56.480431 +00:00] WARN [rustfs::server::http] [rustfs/src/server/http.rs:651] [rustfs-worker:ThreadId(23)] Failed to propagate tracing context: `SpanDisabled`

[2026-02-23 23:08:56.484861 +00:00] WARN [rustfs::server::http] [rustfs/src/server/http.rs:651] [rustfs-worker:ThreadId(22)] Failed to propagate tracing context: `SpanDisabled`

[2026-02-23 23:08:56.493863 +00:00] WARN [rustfs::server::http] [rustfs/src/server/http.rs:651] [rustfs-worker:ThreadId(29)] Failed to propagate tracing context: `SpanDisabled`

[2026-02-23 23:08:56.493839 +00:00] WARN [rustfs::server::http] [rustfs/src/server/http.rs:651] [rustfs-worker:ThreadId(23)] Failed to propagate tracing context: `SpanDisabled`

[2026-02-23 23:08:56.505110 +00:00] WARN [rustfs::server::http] [rustfs/src/server/http.rs:651] [rustfs-worker:ThreadId(21)] Failed to propagate tracing context: `SpanDisabled`

[2026-02-23 23:08:56.515878 +00:00] WARN [rustfs::server::http] [rustfs/src/server/http.rs:651] [rustfs-worker:ThreadId(29)] Failed to propagate tracing context: `SpanDisabled`

[2026-02-23 23:08:56.525537 +00:00] WARN [rustfs::server::http] [rustfs/src/server/http.rs:651] [rustfs-worker:ThreadId(23)] Failed to propagate tracing context: `SpanDisabled`

[2026-02-23 23:08:56.543833 +00:00] WARN [rustfs::server::http] [rustfs/src/server/http.rs:651] [rustfs-worker:ThreadId(29)] Failed to propagate tracing context: `SpanDisabled`

[2026-02-23 23:08:56.549487 +00:00] WARN [rustfs::server::http] [rustfs/src/server/http.rs:651] [rustfs-worker:ThreadId(29)] Failed to propagate tracing context: `SpanDisabled`

[2026-02-23 23:08:56.561427 +00:00] WARN [rustfs::server::http] [rustfs/src/server/http.rs:651] [rustfs-worker:ThreadId(29)] Failed to propagate tracing context: `SpanDisabled`

[2026-02-23 23:08:56.620724 +00:00] WARN [rustfs::server::http] [rustfs/src/server/http.rs:651] [rustfs-worker:ThreadId(29)] Failed to propagate tracing context: `SpanDisabled`

[2026-02-23 23:08:56.632930 +00:00] WARN [rustfs::server::http] [rustfs/src/server/http.rs:651] [rustfs-worker:ThreadId(29)] Failed to propagate tracing context: `SpanDisabled`

[2026-02-23 23:08:56.643532 +00:00] WARN [rustfs::server::http] [rustfs/src/server/http.rs:651] [rustfs-worker:ThreadId(29)] Failed to propagate tracing context: `SpanDisabled`

[2026-02-23 23:08:56.664319 +00:00] WARN [rustfs::server::http] [rustfs/src/server/http.rs:651] [rustfs-worker:ThreadId(29)] Failed to propagate tracing context: `SpanDisabled`

[2026-02-23 23:08:56.669096 +00:00] WARN [rustfs::server::http] [rustfs/src/server/http.rs:651] [rustfs-worker:ThreadId(29)] Failed to propagate tracing context: `SpanDisabled`

[2026-02-23 23:08:56.682349 +00:00] WARN [rustfs::server::http] [rustfs/src/server/http.rs:651] [rustfs-worker:ThreadId(29)] Failed to propagate tracing context: `SpanDisabled`

[2026-02-23 23:08:56.715255 +00:00] WARN [rustfs::server::http] [rustfs/src/server/http.rs:651] [rustfs-worker:ThreadId(29)] Failed to propagate tracing context: `SpanDisabled`

[2026-02-23 23:09:01.527144 +00:00] WARN [rustfs::server::http] [rustfs/src/server/http.rs:793] [rustfs-worker:ThreadId(29)] The HTTP connection timed out (HeaderTimeout): read header from client timeout

[2026-02-23 23:09:01.529653 +00:00] WARN [rustfs::server::http] [rustfs/src/server/http.rs:793] [rustfs-worker:ThreadId(29)] The HTTP connection timed out (HeaderTimeout): read header from client timeout

[2026-02-23 23:09:01.529757 +00:00] WARN [rustfs::server::http] [rustfs/src/server/http.rs:793] [rustfs-worker:ThreadId(21)] The HTTP connection timed out (HeaderTimeout): read header from client timeout

[2026-02-23 23:09:01.634342 +00:00] WARN [rustfs::server::http] [rustfs/src/server/http.rs:793] [rustfs-worker:ThreadId(23)] The HTTP connection timed out (HeaderTimeout): read header from client timeout

[2026-02-23 23:09:01.689399 +00:00] WARN [rustfs::server::http] [rustfs/src/server/http.rs:793] [rustfs-worker:ThreadId(23)] The HTTP connection timed out (HeaderTimeout): read header from client timeout

[2026-02-23 23:09:01.725354 +00:00] WARN [rustfs::server::http] [rustfs/src/server/http.rs:793] [rustfs-worker:ThreadId(23)] The HTTP connection timed out (HeaderTimeout): read header from client timeout

[2026-02-23 23:09:02.807428 +00:00] WARN [rustfs::server::http] [rustfs/src/server/http.rs:651] [rustfs-worker:ThreadId(23)] Failed to propagate tracing context: `SpanDisabled`

[2026-02-23 23:09:07.387779 +00:00] WARN [rustfs::server::http] [rustfs/src/server/http.rs:651] [rustfs-worker:ThreadId(29)] Failed to propagate tracing context: `SpanDisabled`

[2026-02-23 23:09:07.758467 +00:00] WARN [rustfs::server::http] [rustfs/src/server/http.rs:651] [rustfs-worker:ThreadId(29)] Failed to propagate tracing context: `SpanDisabled`

[2026-02-23 23:09:07.771410 +00:00] WARN [rustfs::server::http] [rustfs/src/server/http.rs:651] [rustfs-worker:ThreadId(29)] Failed to propagate tracing context: `SpanDisabled`

[2026-02-23 23:09:07.779609 +00:00] WARN [rustfs::server::http] [rustfs/src/server/http.rs:651] [rustfs-worker:ThreadId(29)] Failed to propagate tracing context: `SpanDisabled`

[2026-02-23 23:09:07.800876 +00:00] WARN [rustfs::server::http] [rustfs/src/server/http.rs:651] [rustfs-worker:ThreadId(29)] Failed to propagate tracing context: `SpanDisabled`

[2026-02-23 23:09:07.801032 +00:00] WARN [rustfs::server::http] [rustfs/src/server/http.rs:651] [rustfs-worker:ThreadId(23)] Failed to propagate tracing context: `SpanDisabled`

[2026-02-23 23:09:07.801032 +00:00] WARN [rustfs::server::http] [rustfs/src/server/http.rs:651] [rustfs-worker:ThreadId(21)] Failed to propagate tracing context: `SpanDisabled`

[2026-02-23 23:09:07.814885 +00:00] WARN [rustfs::server::http] [rustfs/src/server/http.rs:651] [rustfs-worker:ThreadId(28)] Failed to propagate tracing context: `SpanDisabled`

[2026-02-23 23:09:07.830544 +00:00] WARN [rustfs::server::http] [rustfs/src/server/http.rs:651] [rustfs-worker:ThreadId(23)] Failed to propagate tracing context: `SpanDisabled`

[2026-02-23 23:09:07.840436 +00:00] WARN [rustfs::server::http] [rustfs/src/server/http.rs:651] [rustfs-worker:ThreadId(21)] Failed to propagate tracing context: `SpanDisabled`

[2026-02-23 23:09:07.841676 +00:00] WARN [rustfs::server::http] [rustfs/src/server/http.rs:651] [rustfs-worker:ThreadId(28)] Failed to propagate tracing context: `SpanDisabled`

[2026-02-23 23:09:07.854205 +00:00] WARN [rustfs::server::http] [rustfs/src/server/http.rs:651] [rustfs-worker:ThreadId(28)] Failed to propagate tracing context: `SpanDisabled`

[2026-02-23 23:09:07.876714 +00:00] WARN [rustfs::server::http] [rustfs/src/server/http.rs:651] [rustfs-worker:ThreadId(23)] Failed to propagate tracing context: `SpanDisabled`

[2026-02-23 23:09:07.876834 +00:00] WARN [rustfs::server::http] [rustfs/src/server/http.rs:651] [rustfs-worker:ThreadId(21)] Failed to propagate tracing context: `SpanDisabled`

[2026-02-23 23:09:07.877014 +00:00] WARN [rustfs::server::http] [rustfs/src/server/http.rs:651] [rustfs-worker:ThreadId(29)] Failed to propagate tracing context: `SpanDisabled`

[2026-02-23 23:09:07.877097 +00:00] WARN [rustfs::server::http] [rustfs/src/server/http.rs:651] [rustfs-worker:ThreadId(26)] Failed to propagate tracing context: `SpanDisabled`

[2026-02-23 23:09:07.888363 +00:00] WARN [rustfs::server::http] [rustfs/src/server/http.rs:651] [rustfs-worker:ThreadId(22)] Failed to propagate tracing context: `SpanDisabled`

[2026-02-23 23:09:07.920615 +00:00] WARN [rustfs::server::http] [rustfs/src/server/http.rs:651] [rustfs-worker:ThreadId(23)] Failed to propagate tracing context: `SpanDisabled`

[2026-02-23 23:09:07.928119 +00:00] WARN [rustfs::server::http] [rustfs/src/server/http.rs:651] [rustfs-worker:ThreadId(23)] Failed to propagate tracing context: `SpanDisabled`

[2026-02-23 23:09:07.939563 +00:00] WARN [rustfs::server::http] [rustfs/src/server/http.rs:651] [rustfs-worker:ThreadId(28)] Failed to propagate tracing context: `SpanDisabled`

[2026-02-23 23:09:07.956390 +00:00] WARN [rustfs::server::http] [rustfs/src/server/http.rs:651] [rustfs-worker:ThreadId(28)] Failed to propagate tracing context: `SpanDisabled`

[2026-02-23 23:09:07.981849 +00:00] WARN [rustfs::server::http] [rustfs/src/server/http.rs:651] [rustfs-worker:ThreadId(28)] Failed to propagate tracing context: `SpanDisabled`

[2026-02-23 23:09:07.986619 +00:00] WARN [rustfs::server::http] [rustfs/src/server/http.rs:651] [rustfs-worker:ThreadId(28)] Failed to propagate tracing context: `SpanDisabled`

[2026-02-23 23:09:07.986617 +00:00] WARN [rustfs::server::http] [rustfs/src/server/http.rs:651] [rustfs-worker:ThreadId(23)] Failed to propagate tracing context: `SpanDisabled`

[2026-02-23 23:09:07.986816 +00:00] WARN [rustfs::server::http] [rustfs/src/server/http.rs:651] [rustfs-worker:ThreadId(26)] Failed to propagate tracing context: `SpanDisabled`

[2026-02-23 23:09:07.988401 +00:00] WARN [rustfs::server::http] [rustfs/src/server/http.rs:651] [rustfs-worker:ThreadId(29)] Failed to propagate tracing context: `SpanDisabled`

[2026-02-23 23:09:07.994560 +00:00] WARN [rustfs::server::http] [rustfs/src/server/http.rs:651] [rustfs-worker:ThreadId(26)] Failed to propagate tracing context: `SpanDisabled`

[2026-02-23 23:09:07.998343 +00:00] WARN [rustfs::server::http] [rustfs/src/server/http.rs:651] [rustfs-worker:ThreadId(22)] Failed to propagate tracing context: `SpanDisabled`

[2026-02-23 23:09:08.013695 +00:00] WARN [rustfs::server::http] [rustfs/src/server/http.rs:651] [rustfs-worker:ThreadId(28)] Failed to propagate tracing context: `SpanDisabled`

[2026-02-23 23:09:08.041818 +00:00] WARN [rustfs::server::http] [rustfs/src/server/http.rs:651] [rustfs-worker:ThreadId(29)] Failed to propagate tracing context: `SpanDisabled`

[2026-02-23 23:09:08.044358 +00:00] WARN [rustfs::server::http] [rustfs/src/server/http.rs:651] [rustfs-worker:ThreadId(29)] Failed to propagate tracing context: `SpanDisabled`

[2026-02-23 23:09:08.054476 +00:00] WARN [rustfs::server::http] [rustfs/src/server/http.rs:651] [rustfs-worker:ThreadId(29)] Failed to propagate tracing context: `SpanDisabled`

[2026-02-23 23:09:08.100756 +00:00] WARN [rustfs::server::http] [rustfs/src/server/http.rs:651] [rustfs-worker:ThreadId(29)] Failed to propagate tracing context: `SpanDisabled`

[2026-02-23 23:09:08.117167 +00:00] WARN [rustfs::server::http] [rustfs/src/server/http.rs:651] [rustfs-worker:ThreadId(29)] Failed to propagate tracing context: `SpanDisabled`

[2026-02-23 23:09:08.138307 +00:00] WARN [rustfs::server::http] [rustfs/src/server/http.rs:651] [rustfs-worker:ThreadId(29)] Failed to propagate tracing context: `SpanDisabled`

[2026-02-23 23:09:08.386255 +00:00] WARN [rustfs::server::http] [rustfs/src/server/http.rs:651] [rustfs-worker:ThreadId(29)] Failed to propagate tracing context: `SpanDisabled`

[2026-02-23 23:09:08.404673 +00:00] WARN [rustfs::server::http] [rustfs/src/server/http.rs:651] [rustfs-worker:ThreadId(29)] Failed to propagate tracing context: `SpanDisabled`

[2026-02-23 23:09:08.421055 +00:00] WARN [rustfs::server::http] [rustfs/src/server/http.rs:651] [rustfs-worker:ThreadId(29)] Failed to propagate tracing context: `SpanDisabled`

[2026-02-23 23:09:08.437814 +00:00] WARN [rustfs::server::http] [rustfs/src/server/http.rs:651] [rustfs-worker:ThreadId(29)] Failed to propagate tracing context: `SpanDisabled`

[2026-02-23 23:09:08.456152 +00:00] WARN [rustfs::server::http] [rustfs/src/server/http.rs:651] [rustfs-worker:ThreadId(29)] Failed to propagate tracing context: `SpanDisabled`

[2026-02-23 23:09:08.471166 +00:00] WARN [rustfs::server::http] [rustfs/src/server/http.rs:651] [rustfs-worker:ThreadId(29)] Failed to propagate tracing context: `SpanDisabled`

[2026-02-23 23:09:08.508267 +00:00] WARN [rustfs::server::http] [rustfs/src/server/http.rs:651] [rustfs-worker:ThreadId(29)] Failed to propagate tracing context: `SpanDisabled`

[2026-02-23 23:09:08.547047 +00:00] WARN [rustfs::server::http] [rustfs/src/server/http.rs:651] [rustfs-worker:ThreadId(29)] Failed to propagate tracing context: `SpanDisabled`

[2026-02-23 23:09:08.578240 +00:00] WARN [rustfs::server::http] [rustfs/src/server/http.rs:651] [rustfs-worker:ThreadId(29)] Failed to propagate tracing context: `SpanDisabled`

[2026-02-23 23:09:08.580886 +00:00] WARN [rustfs::server::http] [rustfs/src/server/http.rs:651] [rustfs-worker:ThreadId(29)] Failed to propagate tracing context: `SpanDisabled`

[2026-02-23 23:09:08.689644 +00:00] WARN [rustfs::server::http] [rustfs/src/server/http.rs:651] [rustfs-worker:ThreadId(29)] Failed to propagate tracing context: `SpanDisabled`

[2026-02-23 23:09:08.707688 +00:00] WARN [rustfs::server::http] [rustfs/src/server/http.rs:651] [rustfs-worker:ThreadId(29)] Failed to propagate tracing context: `SpanDisabled`

[2026-02-23 23:09:08.721474 +00:00] WARN [rustfs::server::http] [rustfs/src/server/http.rs:651] [rustfs-worker:ThreadId(29)] Failed to propagate tracing context: `SpanDisabled`

[2026-02-23 23:09:08.725133 +00:00] WARN [rustfs::server::http] [rustfs/src/server/http.rs:651] [rustfs-worker:ThreadId(29)] Failed to propagate tracing context: `SpanDisabled`

[2026-02-23 23:09:08.741783 +00:00] WARN [rustfs::server::http] [rustfs/src/server/http.rs:651] [rustfs-worker:ThreadId(29)] Failed to propagate tracing context: `SpanDisabled`

[2026-02-23 23:09:08.742808 +00:00] WARN [rustfs::server::http] [rustfs/src/server/http.rs:651] [rustfs-worker:ThreadId(29)] Failed to propagate tracing context: `SpanDisabled`

[2026-02-23 23:09:08.743968 +00:00] WARN [rustfs::server::http] [rustfs/src/server/http.rs:651] [rustfs-worker:ThreadId(29)] Failed to propagate tracing context: `SpanDisabled`

[2026-02-23 23:09:08.745438 +00:00] WARN [rustfs::server::http] [rustfs/src/server/http.rs:651] [rustfs-worker:ThreadId(29)] Failed to propagate tracing context: `SpanDisabled`

[2026-02-23 23:09:08.764214 +00:00] WARN [rustfs::server::http] [rustfs/src/server/http.rs:651] [rustfs-worker:ThreadId(29)] Failed to propagate tracing context: `SpanDisabled`

[2026-02-23 23:09:08.770875 +00:00] WARN [rustfs::server::http] [rustfs/src/server/http.rs:651] [rustfs-worker:ThreadId(29)] Failed to propagate tracing context: `SpanDisabled`

[2026-02-23 23:09:08.771036 +00:00] WARN [rustfs::server::http] [rustfs/src/server/http.rs:651] [rustfs-worker:ThreadId(22)] Failed to propagate tracing context: `SpanDisabled`

[2026-02-23 23:09:08.771256 +00:00] WARN [rustfs::server::http] [rustfs/src/server/http.rs:651] [rustfs-worker:ThreadId(26)] Failed to propagate tracing context: `SpanDisabled`

[2026-02-23 23:09:08.787345 +00:00] WARN [rustfs::server::http] [rustfs/src/server/http.rs:651] [rustfs-worker:ThreadId(29)] Failed to propagate tracing context: `SpanDisabled`

[2026-02-23 23:09:08.787795 +00:00] WARN [rustfs::server::http] [rustfs/src/server/http.rs:651] [rustfs-worker:ThreadId(23)] Failed to propagate tracing context: `SpanDisabled`

[2026-02-23 23:09:08.810319 +00:00] WARN [rustfs::server::http] [rustfs/src/server/http.rs:651] [rustfs-worker:ThreadId(28)] Failed to propagate tracing context: `SpanDisabled`

[2026-02-23 23:09:08.946557 +00:00] WARN [rustfs::server::http] [rustfs/src/server/http.rs:651] [rustfs-worker:ThreadId(23)] Failed to propagate tracing context: `SpanDisabled`

[2026-02-23 23:09:09.085498 +00:00] WARN [rustfs::server::http] [rustfs/src/server/http.rs:651] [rustfs-worker:ThreadId(23)] Failed to propagate tracing context: `SpanDisabled`

[2026-02-23 23:09:09.088054 +00:00] WARN [rustfs::server::http] [rustfs/src/server/http.rs:651] [rustfs-worker:ThreadId(23)] Failed to propagate tracing context: `SpanDisabled`

[2026-02-23 23:09:09.090466 +00:00] WARN [rustfs::server::http] [rustfs/src/server/http.rs:651] [rustfs-worker:ThreadId(23)] Failed to propagate tracing context: `SpanDisabled`

[2026-02-23 23:09:09.121719 +00:00] WARN [rustfs::server::http] [rustfs/src/server/http.rs:651] [rustfs-worker:ThreadId(23)] Failed to propagate tracing context: `SpanDisabled`

[2026-02-23 23:09:09.133949 +00:00] WARN [rustfs::server::http] [rustfs/src/server/http.rs:651] [rustfs-worker:ThreadId(23)] Failed to propagate tracing context: `SpanDisabled`

[2026-02-23 23:09:09.135643 +00:00] WARN [rustfs::server::http] [rustfs/src/server/http.rs:651] [rustfs-worker:ThreadId(23)] Failed to propagate tracing context: `SpanDisabled`

[2026-02-23 23:09:09.137702 +00:00] WARN [rustfs::server::http] [rustfs/src/server/http.rs:651] [rustfs-worker:ThreadId(23)] Failed to propagate tracing context: `SpanDisabled`

[2026-02-23 23:09:09.143224 +00:00] WARN [rustfs::server::http] [rustfs/src/server/http.rs:651] [rustfs-worker:ThreadId(23)] Failed to propagate tracing context: `SpanDisabled`

[2026-02-23 23:09:09.150224 +00:00] WARN [rustfs::server::http] [rustfs/src/server/http.rs:651] [rustfs-worker:ThreadId(23)] Failed to propagate tracing context: `SpanDisabled`

[2026-02-23 23:09:09.158559 +00:00] WARN [rustfs::server::http] [rustfs/src/server/http.rs:651] [rustfs-worker:ThreadId(23)] Failed to propagate tracing context: `SpanDisabled`

[2026-02-23 23:09:09.162732 +00:00] WARN [rustfs::server::http] [rustfs/src/server/http.rs:651] [rustfs-worker:ThreadId(23)] Failed to propagate tracing context: `SpanDisabled`

[2026-02-23 23:09:09.190560 +00:00] WARN [rustfs::server::http] [rustfs/src/server/http.rs:651] [rustfs-worker:ThreadId(23)] Failed to propagate tracing context: `SpanDisabled`

[2026-02-23 23:09:09.194017 +00:00] WARN [rustfs::server::http] [rustfs/src/server/http.rs:651] [rustfs-worker:ThreadId(23)] Failed to propagate tracing context: `SpanDisabled`

[2026-02-23 23:09:09.197001 +00:00] WARN [rustfs::server::http] [rustfs/src/server/http.rs:651] [rustfs-worker:ThreadId(23)] Failed to propagate tracing context: `SpanDisabled`

[2026-02-23 23:09:09.207254 +00:00] WARN [rustfs::server::http] [rustfs/src/server/http.rs:651] [rustfs-worker:ThreadId(26)] Failed to propagate tracing context: `SpanDisabled`

[2026-02-23 23:09:09.212750 +00:00] WARN [rustfs::server::http] [rustfs/src/server/http.rs:651] [rustfs-worker:ThreadId(28)] Failed to propagate tracing context: `SpanDisabled`

[2026-02-23 23:09:09.219941 +00:00] WARN [rustfs::server::http] [rustfs/src/server/http.rs:651] [rustfs-worker:ThreadId(28)] Failed to propagate tracing context: `SpanDisabled`

[2026-02-23 23:09:09.231186 +00:00] WARN [rustfs::server::http] [rustfs/src/server/http.rs:651] [rustfs-worker:ThreadId(28)] Failed to propagate tracing context: `SpanDisabled`

[2026-02-23 23:09:09.277867 +00:00] WARN [rustfs::server::http] [rustfs/src/server/http.rs:651] [rustfs-worker:ThreadId(28)] Failed to propagate tracing context: `SpanDisabled`

[2026-02-23 23:09:09.281488 +00:00] WARN [rustfs::server::http] [rustfs/src/server/http.rs:651] [rustfs-worker:ThreadId(28)] Failed to propagate tracing context: `SpanDisabled`

[2026-02-23 23:09:09.294528 +00:00] WARN [rustfs::server::http] [rustfs/src/server/http.rs:651] [rustfs-worker:ThreadId(28)] Failed to propagate tracing context: `SpanDisabled`

[2026-02-23 23:09:09.295328 +00:00] WARN [rustfs::admin::handlers] [rustfs/src/admin/handlers.rs:491] [rustfs-worker:ThreadId(28)] handle DataUsageInfoHandler

[2026-02-23 23:09:09.303427 +00:00] WARN [rustfs::server::http] [rustfs/src/server/http.rs:651] [rustfs-worker:ThreadId(23)] Failed to propagate tracing context: `SpanDisabled`

[2026-02-23 23:09:09.303427 +00:00] WARN [rustfs::server::http] [rustfs/src/server/http.rs:651] [rustfs-worker:ThreadId(28)] Failed to propagate tracing context: `SpanDisabled`

[2026-02-23 23:09:09.335609 +00:00] WARN [rustfs::server::http] [rustfs/src/server/http.rs:651] [rustfs-worker:ThreadId(29)] Failed to propagate tracing context: `SpanDisabled`

[2026-02-23 23:09:09.655660 +00:00] WARN [rustfs::server::http] [rustfs/src/server/http.rs:651] [rustfs-worker:ThreadId(26)] Failed to propagate tracing context: `SpanDisabled`

[2026-02-23 23:09:09.655649 +00:00] WARN [rustfs::server::http] [rustfs/src/server/http.rs:651] [rustfs-worker:ThreadId(23)] Failed to propagate tracing context: `SpanDisabled`

[2026-02-23 23:09:09.655649 +00:00] WARN [rustfs::server::http] [rustfs/src/server/http.rs:651] [rustfs-worker:ThreadId(29)] Failed to propagate tracing context: `SpanDisabled`

[2026-02-23 23:09:09.659287 +00:00] WARN [rustfs_ecstore::data_usage] [crates/ecstore/src/data_usage.rs:126] [rustfs-worker:ThreadId(28)] Loaded data is empty, supplementing with basic statistics

[2026-02-23 23:09:09.715547 +00:00] WARN [rustfs::server::http] [rustfs/src/server/http.rs:651] [rustfs-worker:ThreadId(22)] Failed to propagate tracing context: `SpanDisabled`

[2026-02-23 23:09:09.717365 +00:00] WARN [rustfs::server::http] [rustfs/src/server/http.rs:651] [rustfs-worker:ThreadId(22)] Failed to propagate tracing context: `SpanDisabled`

[2026-02-23 23:09:09.717523 +00:00] WARN [rustfs::server::http] [rustfs/src/server/http.rs:651] [rustfs-worker:ThreadId(29)] Failed to propagate tracing context: `SpanDisabled`

[2026-02-23 23:09:09.717518 +00:00] WARN [rustfs::server::http] [rustfs/src/server/http.rs:651] [rustfs-worker:ThreadId(23)] Failed to propagate tracing context: `SpanDisabled`

[2026-02-23 23:09:09.729820 +00:00] WARN [rustfs::server::http] [rustfs/src/server/http.rs:651] [rustfs-worker:ThreadId(26)] Failed to propagate tracing context: `SpanDisabled`

[2026-02-23 23:09:09.754125 +00:00] WARN [rustfs::server::http] [rustfs/src/server/http.rs:651] [rustfs-worker:ThreadId(29)] Failed to propagate tracing context: `SpanDisabled`

[2026-02-23 23:09:09.759290 +00:00] WARN [rustfs::server::http] [rustfs/src/server/http.rs:651] [rustfs-worker:ThreadId(26)] Failed to propagate tracing context: `SpanDisabled`

[2026-02-23 23:09:09.759289 +00:00] WARN [rustfs::server::http] [rustfs/src/server/http.rs:651] [rustfs-worker:ThreadId(29)] Failed to propagate tracing context: `SpanDisabled`

[2026-02-23 23:09:09.761624 +00:00] WARN [rustfs::server::http] [rustfs/src/server/http.rs:651] [rustfs-worker:ThreadId(23)] Failed to propagate tracing context: `SpanDisabled`

[2026-02-23 23:09:09.771065 +00:00] WARN [rustfs::server::http] [rustfs/src/server/http.rs:651] [rustfs-worker:ThreadId(22)] Failed to propagate tracing context: `SpanDisabled`

[2026-02-23 23:09:09.775622 +00:00] WARN [rustfs::server::http] [rustfs/src/server/http.rs:651] [rustfs-worker:ThreadId(21)] Failed to propagate tracing context: `SpanDisabled`

[2026-02-23 23:09:09.789796 +00:00] WARN [rustfs::server::http] [rustfs/src/server/http.rs:651] [rustfs-worker:ThreadId(22)] Failed to propagate tracing context: `SpanDisabled`

[2026-02-23 23:09:09.814802 +00:00] WARN [rustfs::server::http] [rustfs/src/server/http.rs:651] [rustfs-worker:ThreadId(23)] Failed to propagate tracing context: `SpanDisabled`

[2026-02-23 23:09:09.820954 +00:00] WARN [rustfs::server::http] [rustfs/src/server/http.rs:651] [rustfs-worker:ThreadId(23)] Failed to propagate tracing context: `SpanDisabled`

[2026-02-23 23:09:09.823253 +00:00] WARN [rustfs::server::http] [rustfs/src/server/http.rs:651] [rustfs-worker:ThreadId(22)] Failed to propagate tracing context: `SpanDisabled`

[2026-02-23 23:09:09.840629 +00:00] WARN [rustfs::server::http] [rustfs/src/server/http.rs:651] [rustfs-worker:ThreadId(23)] Failed to propagate tracing context: `SpanDisabled`

[2026-02-23 23:09:09.845819 +00:00] WARN [rustfs::server::http] [rustfs/src/server/http.rs:651] [rustfs-worker:ThreadId(21)] Failed to propagate tracing context: `SpanDisabled`

[2026-02-23 23:09:09.861410 +00:00] WARN [rustfs::server::http] [rustfs/src/server/http.rs:651] [rustfs-worker:ThreadId(23)] Failed to propagate tracing context: `SpanDisabled`

[2026-02-23 23:09:09.863746 +00:00] WARN [rustfs::server::http] [rustfs/src/server/http.rs:651] [rustfs-worker:ThreadId(21)] Failed to propagate tracing context: `SpanDisabled`

[2026-02-23 23:09:09.869856 +00:00] WARN [rustfs::server::http] [rustfs/src/server/http.rs:651] [rustfs-worker:ThreadId(23)] Failed to propagate tracing context: `SpanDisabled`

[2026-02-23 23:09:09.876053 +00:00] WARN [rustfs::server::http] [rustfs/src/server/http.rs:651] [rustfs-worker:ThreadId(23)] Failed to propagate tracing context: `SpanDisabled`

[2026-02-23 23:09:09.888547 +00:00] WARN [rustfs::server::http] [rustfs/src/server/http.rs:651] [rustfs-worker:ThreadId(22)] Failed to propagate tracing context: `SpanDisabled`

[2026-02-23 23:09:09.894612 +00:00] WARN [rustfs::server::http] [rustfs/src/server/http.rs:651] [rustfs-worker:ThreadId(22)] Failed to propagate tracing context: `SpanDisabled`

[2026-02-23 23:09:09.909772 +00:00] WARN [rustfs::server::http] [rustfs/src/server/http.rs:651] [rustfs-worker:ThreadId(22)] Failed to propagate tracing context: `SpanDisabled`

[2026-02-23 23:09:09.913072 +00:00] WARN [rustfs::server::http] [rustfs/src/server/http.rs:651] [rustfs-worker:ThreadId(22)] Failed to propagate tracing context: `SpanDisabled`

[2026-02-23 23:09:09.913193 +00:00] WARN [rustfs::server::http] [rustfs/src/server/http.rs:651] [rustfs-worker:ThreadId(21)] Failed to propagate tracing context: `SpanDisabled`

[2026-02-23 23:09:09.922951 +00:00] WARN [rustfs::server::http] [rustfs/src/server/http.rs:651] [rustfs-worker:ThreadId(23)] Failed to propagate tracing context: `SpanDisabled`

[2026-02-23 23:09:09.936475 +00:00] WARN [rustfs::server::http] [rustfs/src/server/http.rs:651] [rustfs-worker:ThreadId(21)] Failed to propagate tracing context: `SpanDisabled`

[2026-02-23 23:09:09.943403 +00:00] WARN [rustfs::server::http] [rustfs/src/server/http.rs:651] [rustfs-worker:ThreadId(21)] Failed to propagate tracing context: `SpanDisabled`

[2026-02-23 23:09:09.950723 +00:00] WARN [rustfs::server::http] [rustfs/src/server/http.rs:651] [rustfs-worker:ThreadId(21)] Failed to propagate tracing context: `SpanDisabled`

[2026-02-23 23:09:09.955791 +00:00] WARN [rustfs::server::http] [rustfs/src/server/http.rs:651] [rustfs-worker:ThreadId(23)] Failed to propagate tracing context: `SpanDisabled`

[2026-02-23 23:09:09.955954 +00:00] WARN [rustfs::server::http] [rustfs/src/server/http.rs:651] [rustfs-worker:ThreadId(21)] Failed to propagate tracing context: `SpanDisabled`

[2026-02-23 23:09:09.973024 +00:00] WARN [rustfs::server::http] [rustfs/src/server/http.rs:651] [rustfs-worker:ThreadId(22)] Failed to propagate tracing context: `SpanDisabled`

[2026-02-23 23:09:09.983667 +00:00] WARN [rustfs::server::http] [rustfs/src/server/http.rs:651] [rustfs-worker:ThreadId(22)] Failed to propagate tracing context: `SpanDisabled`

[2026-02-23 23:09:09.987729 +00:00] WARN [rustfs::server::http] [rustfs/src/server/http.rs:651] [rustfs-worker:ThreadId(22)] Failed to propagate tracing context: `SpanDisabled`

[2026-02-23 23:09:09.991390 +00:00] WARN [rustfs::server::http] [rustfs/src/server/http.rs:651] [rustfs-worker:ThreadId(22)] Failed to propagate tracing context: `SpanDisabled`

[2026-02-23 23:09:09.996293 +00:00] WARN [rustfs::server::http] [rustfs/src/server/http.rs:651] [rustfs-worker:ThreadId(22)] Failed to propagate tracing context: `SpanDisabled`

[2026-02-23 23:09:10.004954 +00:00] WARN [rustfs::server::http] [rustfs/src/server/http.rs:651] [rustfs-worker:ThreadId(23)] Failed to propagate tracing context: `SpanDisabled`

[2026-02-23 23:09:10.005076 +00:00] WARN [rustfs::server::http] [rustfs/src/server/http.rs:651] [rustfs-worker:ThreadId(22)] Failed to propagate tracing context: `SpanDisabled`

[2026-02-23 23:09:10.010993 +00:00] WARN [rustfs::server::http] [rustfs/src/server/http.rs:651] [rustfs-worker:ThreadId(21)] Failed to propagate tracing context: `SpanDisabled`

[2026-02-23 23:09:10.015478 +00:00] WARN [rustfs::server::http] [rustfs/src/server/http.rs:651] [rustfs-worker:ThreadId(22)] Failed to propagate tracing context: `SpanDisabled`

[2026-02-23 23:09:10.015432 +00:00] WARN [rustfs::server::http] [rustfs/src/server/http.rs:651] [rustfs-worker:ThreadId(21)] Failed to propagate tracing context: `SpanDisabled`

[2026-02-23 23:09:10.025297 +00:00] WARN [rustfs::server::http] [rustfs/src/server/http.rs:651] [rustfs-worker:ThreadId(23)] Failed to propagate tracing context: `SpanDisabled`

[2026-02-23 23:09:10.028628 +00:00] WARN [rustfs::server::http] [rustfs/src/server/http.rs:651] [rustfs-worker:ThreadId(23)] Failed to propagate tracing context: `SpanDisabled`

[2026-02-23 23:09:10.036726 +00:00] WARN [rustfs::server::http] [rustfs/src/server/http.rs:651] [rustfs-worker:ThreadId(23)] Failed to propagate tracing context: `SpanDisabled`

[2026-02-23 23:09:10.042147 +00:00] WARN [rustfs::server::http] [rustfs/src/server/http.rs:651] [rustfs-worker:ThreadId(23)] Failed to propagate tracing context: `SpanDisabled`

[2026-02-23 23:09:10.046287 +00:00] WARN [rustfs::server::http] [rustfs/src/server/http.rs:651] [rustfs-worker:ThreadId(23)] Failed to propagate tracing context: `SpanDisabled`

[2026-02-23 23:09:10.056870 +00:00] WARN [rustfs::server::http] [rustfs/src/server/http.rs:651] [rustfs-worker:ThreadId(23)] Failed to propagate tracing context: `SpanDisabled`

[2026-02-23 23:09:10.060601 +00:00] WARN [rustfs::server::http] [rustfs/src/server/http.rs:651] [rustfs-worker:ThreadId(21)] Failed to propagate tracing context: `SpanDisabled`

[2026-02-23 23:09:10.060601 +00:00] WARN [rustfs::server::http] [rustfs/src/server/http.rs:651] [rustfs-worker:ThreadId(23)] Failed to propagate tracing context: `SpanDisabled`

[2026-02-23 23:09:10.063256 +00:00] WARN [rustfs::server::http] [rustfs/src/server/http.rs:651] [rustfs-worker:ThreadId(22)] Failed to propagate tracing context: `SpanDisabled`

[2026-02-23 23:09:10.075960 +00:00] WARN [rustfs::server::http] [rustfs/src/server/http.rs:651] [rustfs-worker:ThreadId(21)] Failed to propagate tracing context: `SpanDisabled`

[2026-02-23 23:09:14.734170 +00:00] WARN [rustfs::server::http] [rustfs/src/server/http.rs:793] [rustfs-worker:ThreadId(21)] The HTTP connection timed out (HeaderTimeout): read header from client timeout

[2026-02-23 23:09:14.969474 +00:00] WARN [rustfs::server::http] [rustfs/src/server/http.rs:793] [rustfs-worker:ThreadId(21)] The HTTP connection timed out (HeaderTimeout): read header from client timeout

[2026-02-23 23:09:15.020150 +00:00] WARN [rustfs::server::http] [rustfs/src/server/http.rs:793] [rustfs-worker:ThreadId(21)] The HTTP connection timed out (HeaderTimeout): read header from client timeout

[2026-02-23 23:09:15.022644 +00:00] WARN [rustfs::server::http] [rustfs/src/server/http.rs:793] [rustfs-worker:ThreadId(21)] The HTTP connection timed out (HeaderTimeout): read header from client timeout

[2026-02-23 23:09:15.022743 +00:00] WARN [rustfs::server::http] [rustfs/src/server/http.rs:793] [rustfs-worker:ThreadId(22)] The HTTP connection timed out (HeaderTimeout): read header from client timeout

[2026-02-23 23:09:15.039101 +00:00] WARN [rustfs::server::http] [rustfs/src/server/http.rs:793] [rustfs-worker:ThreadId(23)] The HTTP connection timed out (HeaderTimeout): read header from client timeout

[2026-02-23 23:09:16.812378 +00:00] WARN [rustfs::server::http] [rustfs/src/server/http.rs:651] [rustfs-worker:ThreadId(23)] Failed to propagate tracing context: `SpanDisabled`

[2026-02-23 23:09:21.871750 +00:00] WARN [rustfs::server::http] [rustfs/src/server/http.rs:793] [rustfs-worker:ThreadId(23)] The HTTP connection timed out (HeaderTimeout): read header from client timeout

[2026-02-23 23:09:22.106233 +00:00] WARN [rustfs::server::http] [rustfs/src/server/http.rs:651] [rustfs-worker:ThreadId(23)] Failed to propagate tracing context: `SpanDisabled`

[2026-02-23 23:09:22.122259 +00:00] WARN [rustfs::server::http] [rustfs/src/server/http.rs:651] [rustfs-worker:ThreadId(23)] Failed to propagate tracing context: `SpanDisabled`

[2026-02-23 23:09:22.127551 +00:00] WARN [rustfs::server::http] [rustfs/src/server/http.rs:651] [rustfs-worker:ThreadId(21)] Failed to propagate tracing context: `SpanDisabled`

[2026-02-23 23:09:22.446020 +00:00] WARN [rustfs::server::http] [rustfs/src/server/http.rs:651] [rustfs-worker:ThreadId(22)] Failed to propagate tracing context: `SpanDisabled`

[2026-02-23 23:09:22.449328 +00:00] WARN [rustfs::server::http] [rustfs/src/server/http.rs:651] [rustfs-worker:ThreadId(22)] Failed to propagate tracing context: `SpanDisabled`

[2026-02-23 23:09:22.460256 +00:00] WARN [rustfs::server::http] [rustfs/src/server/http.rs:651] [rustfs-worker:ThreadId(22)] Failed to propagate tracing context: `SpanDisabled`

[2026-02-23 23:09:22.464216 +00:00] WARN [rustfs::server::http] [rustfs/src/server/http.rs:651] [rustfs-worker:ThreadId(22)] Failed to propagate tracing context: `SpanDisabled`

[2026-02-23 23:09:25.337540 +00:00] WARN [rustfs::server::http] [rustfs/src/server/http.rs:651] [rustfs-worker:ThreadId(22)] Failed to propagate tracing context: `SpanDisabled`

[2026-02-23 23:09:27.135628 +00:00] WARN [rustfs::server::http] [rustfs/src/server/http.rs:793] [rustfs-worker:ThreadId(22)] The HTTP connection timed out (HeaderTimeout): read header from client timeout

[2026-02-23 23:09:27.465052 +00:00] WARN [rustfs::server::http] [rustfs/src/server/http.rs:793] [rustfs-worker:ThreadId(22)] The HTTP connection timed out (HeaderTimeout): read header from client timeout

[2026-02-23 23:09:30.426207 +00:00] WARN [rustfs::server::http] [rustfs/src/server/http.rs:793] [rustfs-worker:ThreadId(22)] The HTTP connection timed out (HeaderTimeout): read header from client timeout

[2026-02-23 23:09:31.836475 +00:00] WARN [rustfs::server::http] [rustfs/src/server/http.rs:651] [rustfs-worker:ThreadId(22)] Failed to propagate tracing context: `SpanDisabled`

[2026-02-23 23:09:31.837603 +00:00] WARN [rustfs::server::http] [rustfs/src/server/http.rs:651] [rustfs-worker:ThreadId(23)] Failed to propagate tracing context: `SpanDisabled`

[2026-02-23 23:09:31.844192 +00:00] WARN [rustfs::server::http] [rustfs/src/server/http.rs:651] [rustfs-worker:ThreadId(29)] Failed to propagate tracing context: `SpanDisabled`

[2026-02-23 23:09:31.857931 +00:00] WARN [rustfs::server::http] [rustfs/src/server/http.rs:651] [rustfs-worker:ThreadId(29)] Failed to propagate tracing context: `SpanDisabled`

[2026-02-23 23:09:31.858115 +00:00] WARN [rustfs::server::http] [rustfs/src/server/http.rs:651] [rustfs-worker:ThreadId(22)] Failed to propagate tracing context: `SpanDisabled`

[2026-02-23 23:09:32.744412 +00:00] WARN [rustfs_scanner::scanner_folder] [crates/scanner/src/scanner_folder.rs:619] [rustfs-worker:ThreadId(25)] scan_folder: failed to get size for item /data/sboms/sboms/sha256_341bf0f3ce6c5277d6002cf6e1fb0319fa4252add24ab6a0e262e0056d313208.syft.json/5c2993f8-01c8-45fa-99c1-4580c254a16e/part.1: Io error: skip file

[2026-02-23 23:09:36.945112 +00:00] WARN [rustfs::server::http] [rustfs/src/server/http.rs:793] [rustfs-worker:ThreadId(23)] The HTTP connection timed out (HeaderTimeout): read header from client timeout

[2026-02-23 23:09:37.009259 +00:00] WARN [rustfs::server::http] [rustfs/src/server/http.rs:793] [rustfs-worker:ThreadId(23)] The HTTP connection timed out (HeaderTimeout): read header from client timeout

[2026-02-23 23:09:37.009366 +00:00] WARN [rustfs::server::http] [rustfs/src/server/http.rs:793] [rustfs-worker:ThreadId(25)] The HTTP connection timed out (HeaderTimeout): read header from client timeout

[2026-02-23 23:09:37.009395 +00:00] WARN [rustfs::server::http] [rustfs/src/server/http.rs:793] [rustfs-worker:ThreadId(32)] The HTTP connection timed out (HeaderTimeout): read header from client timeout

[2026-02-23 23:09:37.009580 +00:00] WARN [rustfs::server::http] [rustfs/src/server/http.rs:793] [rustfs-worker:ThreadId(29)] The HTTP connection timed out (HeaderTimeout): read header from client timeout

[2026-02-23 23:09:38.271257 +00:00] WARN [rustfs::server::http] [rustfs/src/server/http.rs:651] [rustfs-worker:ThreadId(23)] Failed to propagate tracing context: `SpanDisabled`

[2026-02-23 23:09:38.275217 +00:00] WARN [rustfs::server::http] [rustfs/src/server/http.rs:651] [rustfs-worker:ThreadId(23)] Failed to propagate tracing context: `SpanDisabled`

[2026-02-23 23:09:38.279643 +00:00] WARN [rustfs::server::http] [rustfs/src/server/http.rs:651] [rustfs-worker:ThreadId(23)] Failed to propagate tracing context: `SpanDisabled`

[2026-02-23 23:09:38.285706 +00:00] WARN [rustfs_ecstore::disk::local] [crates/ecstore/src/disk/local.rs:702] [rustfs-worker:ThreadId(29)] read_raw: error: FileNotFound

[2026-02-23 23:09:38.286577 +00:00] WARN [rustfs_ecstore::disk::local] [crates/ecstore/src/disk/local.rs:702] [rustfs-worker:ThreadId(26)] read_raw: error: FileNotFound

[2026-02-23 23:09:38.285866 +00:00] WARN [rustfs_ecstore::disk::local] [crates/ecstore/src/disk/local.rs:702] [rustfs-worker:ThreadId(23)] read_raw: error: FileNotFound

[2026-02-23 23:09:38.288621 +00:00] WARN [rustfs::server::http] [rustfs/src/server/http.rs:651] [rustfs-worker:ThreadId(28)] Failed to propagate tracing context: `SpanDisabled`

[2026-02-23 23:09:38.333721 +00:00] WARN [rustfs::server::http] [rustfs/src/server/http.rs:651] [rustfs-worker:ThreadId(32)] Failed to propagate tracing context: `SpanDisabled`

[2026-02-23 23:09:38.342433 +00:00] WARN [rustfs_ecstore::disk::local] [crates/ecstore/src/disk/local.rs:702] [rustfs-worker:ThreadId(25)] read_raw: error: FileNotFound

[2026-02-23 23:09:43.193927 +00:00] WARN [rustfs::server::http] [rustfs/src/server/http.rs:651] [rustfs-worker:ThreadId(28)] Failed to propagate tracing context: `SpanDisabled`

[2026-02-23 23:09:43.269715 +00:00] WARN [rustfs::server::http] [rustfs/src/server/http.rs:793] [rustfs-worker:ThreadId(23)] The HTTP connection timed out (HeaderTimeout): read header from client timeout

[2026-02-23 23:09:43.273604 +00:00] WARN [rustfs::server::http] [rustfs/src/server/http.rs:793] [rustfs-worker:ThreadId(23)] The HTTP connection timed out (HeaderTimeout): read header from client timeout

[2026-02-23 23:09:43.275250 +00:00] WARN [rustfs::server::http] [rustfs/src/server/http.rs:793] [rustfs-worker:ThreadId(23)] The HTTP connection timed out (HeaderTimeout): read header from client timeout

[2026-02-23 23:09:43.310138 +00:00] WARN [rustfs::server::http] [rustfs/src/server/http.rs:793] [rustfs-worker:ThreadId(23)] The HTTP connection timed out (HeaderTimeout): read header from client timeout

[2026-02-23 23:09:45.201616 +00:00] WARN [rustfs::server::http] [rustfs/src/server/http.rs:651] [rustfs-worker:ThreadId(23)] Failed to propagate tracing context: `SpanDisabled`

[2026-02-23 23:09:50.268146 +00:00] WARN [rustfs::server::http] [rustfs/src/server/http.rs:793] [rustfs-worker:ThreadId(28)] The HTTP connection timed out (HeaderTimeout): read header from client timeout

[2026-02-23 23:09:52.758910 +00:00] WARN [rustfs::server::http] [rustfs/src/server/http.rs:651] [rustfs-worker:ThreadId(23)] Failed to propagate tracing context: `SpanDisabled`

[2026-02-23 23:09:52.761301 +00:00] WARN [rustfs::server::http] [rustfs/src/server/http.rs:651] [rustfs-worker:ThreadId(23)] Failed to propagate tracing context: `SpanDisabled`

[2026-02-23 23:09:57.800005 +00:00] WARN [rustfs::server::http] [rustfs/src/server/http.rs:793] [rustfs-worker:ThreadId(23)] The HTTP connection timed out (HeaderTimeout): read header from client timeout

[2026-02-23 23:09:57.850213 +00:00] WARN [rustfs::server::http] [rustfs/src/server/http.rs:793] [rustfs-worker:ThreadId(23)] The HTTP connection timed out (HeaderTimeout): read header from client timeout

[2026-02-23 23:09:58.068964 +00:00] WARN [rustfs::server::http] [rustfs/src/server/http.rs:651] [rustfs-worker:ThreadId(23)] Failed to propagate tracing context: `SpanDisabled`

[2026-02-23 23:09:58.073000 +00:00] WARN [rustfs::server::http] [rustfs/src/server/http.rs:651] [rustfs-worker:ThreadId(26)] Failed to propagate tracing context: `SpanDisabled`

[2026-02-23 23:09:58.082225 +00:00] WARN [rustfs_ecstore::disk::local] [crates/ecstore/src/disk/local.rs:702] [rustfs-worker:ThreadId(26)] read_raw: error: FileNotFound

[2026-02-23 23:10:01.027073 +00:00] WARN [rustfs::server::http] [rustfs/src/server/http.rs:651] [rustfs-worker:ThreadId(23)] Failed to propagate tracing context: `SpanDisabled`

[2026-02-23 23:10:01.056734 +00:00] WARN [rustfs::server::http] [rustfs/src/server/http.rs:651] [rustfs-worker:ThreadId(32)] Failed to propagate tracing context: `SpanDisabled`

[2026-02-23 23:10:01.058387 +00:00] WARN [rustfs::admin::handlers] [rustfs/src/admin/handlers.rs:491] [rustfs-worker:ThreadId(32)] handle DataUsageInfoHandler

[2026-02-23 23:10:01.095145 +00:00] WARN [rustfs_ecstore::data_usage] [crates/ecstore/src/data_usage.rs:126] [rustfs-worker:ThreadId(23)] Loaded data is empty, supplementing with basic statistics

[2026-02-23 23:10:02.532619 +00:00] WARN [rustfs::server::http] [rustfs/src/server/http.rs:651] [rustfs-worker:ThreadId(32)] Failed to propagate tracing context: `SpanDisabled`

[2026-02-23 23:10:02.534958 +00:00] WARN [rustfs::server::http] [rustfs/src/server/http.rs:651] [rustfs-worker:ThreadId(32)] Failed to propagate tracing context: `SpanDisabled`

[2026-02-23 23:10:02.541441 +00:00] WARN [rustfs::server::http] [rustfs/src/server/http.rs:651] [rustfs-worker:ThreadId(32)] Failed to propagate tracing context: `SpanDisabled`

[2026-02-23 23:10:05.426758 +00:00] WARN [rustfs::server::http] [rustfs/src/server/http.rs:651] [rustfs-worker:ThreadId(26)] Failed to propagate tracing context: `SpanDisabled`

[2026-02-23 23:10:05.427389 +00:00] WARN [rustfs::admin::handlers] [rustfs/src/admin/handlers.rs:491] [rustfs-worker:ThreadId(26)] handle DataUsageInfoHandler

[2026-02-23 23:10:05.460667 +00:00] WARN [rustfs_ecstore::data_usage] [crates/ecstore/src/data_usage.rs:126] [rustfs-worker:ThreadId(23)] Loaded data is empty, supplementing with basic statistics

[2026-02-23 23:10:07.545188 +00:00] WARN [rustfs::server::http] [rustfs/src/server/http.rs:793] [rustfs-worker:ThreadId(23)] The HTTP connection timed out (HeaderTimeout): read header from client timeout

[2026-02-23 23:10:07.558135 +00:00] WARN [rustfs::server::http] [rustfs/src/server/http.rs:793] [rustfs-worker:ThreadId(23)] The HTTP connection timed out (HeaderTimeout): read header from client timeout

[2026-02-23 23:10:09.761986 +00:00] WARN [rustfs::server::http] [rustfs/src/server/http.rs:651] [rustfs-worker:ThreadId(23)] Failed to propagate tracing context: `SpanDisabled`

[2026-02-23 23:10:09.794711 +00:00] WARN [rustfs::server::http] [rustfs/src/server/http.rs:651] [rustfs-worker:ThreadId(26)] Failed to propagate tracing context: `SpanDisabled`

[2026-02-23 23:10:09.906446 +00:00] WARN [rustfs::server::http] [rustfs/src/server/http.rs:651] [rustfs-worker:ThreadId(23)] Failed to propagate tracing context: `SpanDisabled`

[2026-02-23 23:10:14.940729 +00:00] WARN [rustfs::server::http] [rustfs/src/server/http.rs:793] [rustfs-worker:ThreadId(32)] The HTTP connection timed out (HeaderTimeout): read header from client timeout

