[2026-02-23 17:43:55.234957 +00:00] WARN [rustfs::server::http] [rustfs/src/server/http.rs:199] [main:ThreadId(1)] Detected default credentials 'rustfsadmin:rustfsadmin', we recommend that you change these values with 'RUSTFS_ACCESS_KEY' and 'RUSTFS_SECRET_KEY' environment variables

[2026-02-23 17:43:55.621246 +00:00] WARN [rustfs_ecstore::tier::tier] [crates/ecstore/src/tier/tier.rs:490] [main:ThreadId(1)] config not found, start to init

[2026-02-23 17:43:55.831938 +00:00] WARN [rustfs_ecstore::config::com] [crates/ecstore/src/config/com.rs:137] [main:ThreadId(1)] Configuration not found (Read the main configuration): Start initializing new configuration

[2026-02-23 17:43:55.956249 +00:00] WARN [rustfs_ecstore::config::com] [crates/ecstore/src/config/com.rs:139] [main:ThreadId(1)] Configuration initialization complete (Read the main configuration)

[2026-02-23 17:43:56.646851 +00:00] WARN [rustfs::init] [rustfs/src/init.rs:100] [main:ThreadId(1)] Global region is not set; attempting notification configuration for all buckets with an empty region.

[2026-02-23 17:44:09.709893 +00:00] WARN [rustfs::server::http] [rustfs/src/server/http.rs:651] [rustfs-worker:ThreadId(33)] Failed to propagate tracing context: `SpanDisabled`

[2026-02-23 17:44:10.144251 +00:00] WARN [rustfs::server::http] [rustfs/src/server/http.rs:651] [rustfs-worker:ThreadId(33)] Failed to propagate tracing context: `SpanDisabled`

[2026-02-23 17:44:10.144823 +00:00] ERROR [s3s::ops] [/home/runner/.cargo/git/checkouts/s3s-5cf49da3e5499213/7b8e22b/crates/s3s/src/ops/mod.rs:265] [rustfs-worker:ThreadId(33)] custom route returns error err=S3Error(Inner { code: AccessDenied, message: Some("Signature is required"), request_id: None, status_code: None, source: None, headers: None })

[2026-02-23 17:44:15.151044 +00:00] WARN [rustfs::server::http] [rustfs/src/server/http.rs:793] [rustfs-worker:ThreadId(18)] The HTTP connection timed out (HeaderTimeout): read header from client timeout

[2026-02-23 17:44:19.298602 +00:00] WARN [rustfs::server::http] [rustfs/src/server/http.rs:651] [rustfs-worker:ThreadId(18)] Failed to propagate tracing context: `SpanDisabled`

[2026-02-23 17:44:19.316884 +00:00] WARN [rustfs::server::http] [rustfs/src/server/http.rs:651] [rustfs-worker:ThreadId(18)] Failed to propagate tracing context: `SpanDisabled`

[2026-02-23 17:44:19.445560 +00:00] WARN [rustfs::server::http] [rustfs/src/server/http.rs:651] [rustfs-worker:ThreadId(18)] Failed to propagate tracing context: `SpanDisabled`

[2026-02-23 17:44:19.464872 +00:00] WARN [rustfs::server::http] [rustfs/src/server/http.rs:651] [rustfs-worker:ThreadId(18)] Failed to propagate tracing context: `SpanDisabled`

[2026-02-23 17:44:19.465077 +00:00] WARN [rustfs::server::http] [rustfs/src/server/http.rs:651] [rustfs-worker:ThreadId(33)] Failed to propagate tracing context: `SpanDisabled`

[2026-02-23 17:44:19.465228 +00:00] WARN [rustfs::server::http] [rustfs/src/server/http.rs:651] [rustfs-worker:ThreadId(21)] Failed to propagate tracing context: `SpanDisabled`

[2026-02-23 17:44:19.474948 +00:00] WARN [rustfs::server::http] [rustfs/src/server/http.rs:651] [rustfs-worker:ThreadId(22)] Failed to propagate tracing context: `SpanDisabled`

[2026-02-23 17:44:19.493955 +00:00] WARN [rustfs::server::http] [rustfs/src/server/http.rs:651] [rustfs-worker:ThreadId(22)] Failed to propagate tracing context: `SpanDisabled`

[2026-02-23 17:44:19.494414 +00:00] WARN [rustfs::server::http] [rustfs/src/server/http.rs:651] [rustfs-worker:ThreadId(33)] Failed to propagate tracing context: `SpanDisabled`

[2026-02-23 17:44:19.499397 +00:00] WARN [rustfs::server::http] [rustfs/src/server/http.rs:651] [rustfs-worker:ThreadId(32)] Failed to propagate tracing context: `SpanDisabled`

[2026-02-23 17:44:19.514860 +00:00] WARN [rustfs::server::http] [rustfs/src/server/http.rs:651] [rustfs-worker:ThreadId(18)] Failed to propagate tracing context: `SpanDisabled`

[2026-02-23 17:44:19.558369 +00:00] WARN [rustfs::server::http] [rustfs/src/server/http.rs:651] [rustfs-worker:ThreadId(33)] Failed to propagate tracing context: `SpanDisabled`

[2026-02-23 17:44:19.563721 +00:00] WARN [rustfs::server::http] [rustfs/src/server/http.rs:651] [rustfs-worker:ThreadId(33)] Failed to propagate tracing context: `SpanDisabled`

[2026-02-23 17:44:19.593883 +00:00] WARN [rustfs::server::http] [rustfs/src/server/http.rs:651] [rustfs-worker:ThreadId(33)] Failed to propagate tracing context: `SpanDisabled`

[2026-02-23 17:44:19.593867 +00:00] WARN [rustfs::server::http] [rustfs/src/server/http.rs:651] [rustfs-worker:ThreadId(32)] Failed to propagate tracing context: `SpanDisabled`

[2026-02-23 17:44:19.594175 +00:00] WARN [rustfs::server::http] [rustfs/src/server/http.rs:651] [rustfs-worker:ThreadId(22)] Failed to propagate tracing context: `SpanDisabled`

[2026-02-23 17:44:19.605153 +00:00] WARN [rustfs::server::http] [rustfs/src/server/http.rs:651] [rustfs-worker:ThreadId(33)] Failed to propagate tracing context: `SpanDisabled`

[2026-02-23 17:44:19.609132 +00:00] WARN [rustfs::server::http] [rustfs/src/server/http.rs:651] [rustfs-worker:ThreadId(22)] Failed to propagate tracing context: `SpanDisabled`

[2026-02-23 17:44:19.620480 +00:00] WARN [rustfs::server::http] [rustfs/src/server/http.rs:651] [rustfs-worker:ThreadId(33)] Failed to propagate tracing context: `SpanDisabled`

[2026-02-23 17:44:19.633572 +00:00] WARN [rustfs::server::http] [rustfs/src/server/http.rs:651] [rustfs-worker:ThreadId(33)] Failed to propagate tracing context: `SpanDisabled`

[2026-02-23 17:44:19.643445 +00:00] WARN [rustfs::server::http] [rustfs/src/server/http.rs:651] [rustfs-worker:ThreadId(33)] Failed to propagate tracing context: `SpanDisabled`

[2026-02-23 17:44:19.643559 +00:00] WARN [rustfs::server::http] [rustfs/src/server/http.rs:651] [rustfs-worker:ThreadId(32)] Failed to propagate tracing context: `SpanDisabled`

[2026-02-23 17:44:19.643598 +00:00] WARN [rustfs::server::http] [rustfs/src/server/http.rs:651] [rustfs-worker:ThreadId(22)] Failed to propagate tracing context: `SpanDisabled`

[2026-02-23 17:44:19.643850 +00:00] WARN [rustfs::server::http] [rustfs/src/server/http.rs:651] [rustfs-worker:ThreadId(18)] Failed to propagate tracing context: `SpanDisabled`

[2026-02-23 17:44:19.643949 +00:00] WARN [rustfs::server::http] [rustfs/src/server/http.rs:651] [rustfs-worker:ThreadId(21)] Failed to propagate tracing context: `SpanDisabled`

[2026-02-23 17:44:19.658654 +00:00] WARN [rustfs::server::http] [rustfs/src/server/http.rs:651] [rustfs-worker:ThreadId(25)] Failed to propagate tracing context: `SpanDisabled`

[2026-02-23 17:44:19.681589 +00:00] WARN [rustfs::server::http] [rustfs/src/server/http.rs:651] [rustfs-worker:ThreadId(22)] Failed to propagate tracing context: `SpanDisabled`

[2026-02-23 17:44:19.685949 +00:00] WARN [rustfs::server::http] [rustfs/src/server/http.rs:651] [rustfs-worker:ThreadId(22)] Failed to propagate tracing context: `SpanDisabled`

[2026-02-23 17:44:19.686273 +00:00] WARN [rustfs::server::http] [rustfs/src/server/http.rs:651] [rustfs-worker:ThreadId(21)] Failed to propagate tracing context: `SpanDisabled`

[2026-02-23 17:44:19.686317 +00:00] WARN [rustfs::server::http] [rustfs/src/server/http.rs:651] [rustfs-worker:ThreadId(18)] Failed to propagate tracing context: `SpanDisabled`

[2026-02-23 17:44:19.687866 +00:00] WARN [rustfs::server::http] [rustfs/src/server/http.rs:651] [rustfs-worker:ThreadId(25)] Failed to propagate tracing context: `SpanDisabled`

[2026-02-23 17:44:19.703523 +00:00] WARN [rustfs::server::http] [rustfs/src/server/http.rs:651] [rustfs-worker:ThreadId(22)] Failed to propagate tracing context: `SpanDisabled`

[2026-02-23 17:44:20.218567 +00:00] WARN [rustfs::server::http] [rustfs/src/server/http.rs:651] [rustfs-worker:ThreadId(21)] Failed to propagate tracing context: `SpanDisabled`

[2026-02-23 17:44:20.223293 +00:00] WARN [rustfs::server::http] [rustfs/src/server/http.rs:651] [rustfs-worker:ThreadId(21)] Failed to propagate tracing context: `SpanDisabled`

[2026-02-23 17:44:20.266937 +00:00] WARN [rustfs::server::http] [rustfs/src/server/http.rs:651] [rustfs-worker:ThreadId(21)] Failed to propagate tracing context: `SpanDisabled`

[2026-02-23 17:44:20.287657 +00:00] WARN [rustfs::server::http] [rustfs/src/server/http.rs:651] [rustfs-worker:ThreadId(21)] Failed to propagate tracing context: `SpanDisabled`

[2026-02-23 17:44:20.354718 +00:00] WARN [rustfs::server::http] [rustfs/src/server/http.rs:651] [rustfs-worker:ThreadId(21)] Failed to propagate tracing context: `SpanDisabled`

[2026-02-23 17:44:20.370836 +00:00] WARN [rustfs::server::http] [rustfs/src/server/http.rs:651] [rustfs-worker:ThreadId(21)] Failed to propagate tracing context: `SpanDisabled`

[2026-02-23 17:44:20.393332 +00:00] WARN [rustfs::server::http] [rustfs/src/server/http.rs:651] [rustfs-worker:ThreadId(21)] Failed to propagate tracing context: `SpanDisabled`

[2026-02-23 17:44:20.465588 +00:00] WARN [rustfs::server::http] [rustfs/src/server/http.rs:651] [rustfs-worker:ThreadId(21)] Failed to propagate tracing context: `SpanDisabled`

[2026-02-23 17:44:20.491873 +00:00] WARN [rustfs::server::http] [rustfs/src/server/http.rs:651] [rustfs-worker:ThreadId(21)] Failed to propagate tracing context: `SpanDisabled`

[2026-02-23 17:44:20.506942 +00:00] WARN [rustfs::server::http] [rustfs/src/server/http.rs:651] [rustfs-worker:ThreadId(21)] Failed to propagate tracing context: `SpanDisabled`

[2026-02-23 17:44:20.525405 +00:00] WARN [rustfs::server::http] [rustfs/src/server/http.rs:651] [rustfs-worker:ThreadId(21)] Failed to propagate tracing context: `SpanDisabled`

[2026-02-23 17:44:20.550879 +00:00] WARN [rustfs::server::http] [rustfs/src/server/http.rs:651] [rustfs-worker:ThreadId(21)] Failed to propagate tracing context: `SpanDisabled`

[2026-02-23 17:44:20.817291 +00:00] WARN [rustfs::server::http] [rustfs/src/server/http.rs:651] [rustfs-worker:ThreadId(21)] Failed to propagate tracing context: `SpanDisabled`

[2026-02-23 17:44:20.858767 +00:00] WARN [rustfs::server::http] [rustfs/src/server/http.rs:651] [rustfs-worker:ThreadId(21)] Failed to propagate tracing context: `SpanDisabled`

[2026-02-23 17:44:20.868575 +00:00] WARN [rustfs::server::http] [rustfs/src/server/http.rs:651] [rustfs-worker:ThreadId(21)] Failed to propagate tracing context: `SpanDisabled`

[2026-02-23 17:44:21.017777 +00:00] WARN [rustfs::server::http] [rustfs/src/server/http.rs:651] [rustfs-worker:ThreadId(21)] Failed to propagate tracing context: `SpanDisabled`

[2026-02-23 17:44:21.020785 +00:00] WARN [rustfs::server::http] [rustfs/src/server/http.rs:651] [rustfs-worker:ThreadId(21)] Failed to propagate tracing context: `SpanDisabled`

[2026-02-23 17:44:21.021033 +00:00] WARN [rustfs::server::http] [rustfs/src/server/http.rs:651] [rustfs-worker:ThreadId(18)] Failed to propagate tracing context: `SpanDisabled`

[2026-02-23 17:44:21.021255 +00:00] WARN [rustfs::server::http] [rustfs/src/server/http.rs:651] [rustfs-worker:ThreadId(25)] Failed to propagate tracing context: `SpanDisabled`

[2026-02-23 17:44:21.055643 +00:00] WARN [rustfs::server::http] [rustfs/src/server/http.rs:651] [rustfs-worker:ThreadId(22)] Failed to propagate tracing context: `SpanDisabled`

[2026-02-23 17:44:21.082638 +00:00] WARN [rustfs::server::http] [rustfs/src/server/http.rs:651] [rustfs-worker:ThreadId(22)] Failed to propagate tracing context: `SpanDisabled`

[2026-02-23 17:44:21.127367 +00:00] WARN [rustfs::server::http] [rustfs/src/server/http.rs:651] [rustfs-worker:ThreadId(22)] Failed to propagate tracing context: `SpanDisabled`

[2026-02-23 17:44:21.127454 +00:00] WARN [rustfs::server::http] [rustfs/src/server/http.rs:651] [rustfs-worker:ThreadId(18)] Failed to propagate tracing context: `SpanDisabled`

[2026-02-23 17:44:21.127642 +00:00] WARN [rustfs::server::http] [rustfs/src/server/http.rs:651] [rustfs-worker:ThreadId(21)] Failed to propagate tracing context: `SpanDisabled`

[2026-02-23 17:44:21.127675 +00:00] WARN [rustfs::server::http] [rustfs/src/server/http.rs:651] [rustfs-worker:ThreadId(25)] Failed to propagate tracing context: `SpanDisabled`

[2026-02-23 17:44:21.152670 +00:00] WARN [rustfs::server::http] [rustfs/src/server/http.rs:651] [rustfs-worker:ThreadId(33)] Failed to propagate tracing context: `SpanDisabled`

[2026-02-23 17:44:21.174143 +00:00] WARN [rustfs::server::http] [rustfs/src/server/http.rs:651] [rustfs-worker:ThreadId(33)] Failed to propagate tracing context: `SpanDisabled`

[2026-02-23 17:44:21.176430 +00:00] WARN [rustfs::server::http] [rustfs/src/server/http.rs:651] [rustfs-worker:ThreadId(33)] Failed to propagate tracing context: `SpanDisabled`

[2026-02-23 17:44:24.687885 +00:00] WARN [rustfs::server::http] [rustfs/src/server/http.rs:793] [rustfs-worker:ThreadId(33)] The HTTP connection timed out (HeaderTimeout): read header from client timeout

[2026-02-23 17:44:24.703959 +00:00] WARN [rustfs::server::http] [rustfs/src/server/http.rs:793] [rustfs-worker:ThreadId(33)] The HTTP connection timed out (HeaderTimeout): read header from client timeout

[2026-02-23 17:44:26.134507 +00:00] WARN [rustfs::server::http] [rustfs/src/server/http.rs:793] [rustfs-worker:ThreadId(33)] The HTTP connection timed out (HeaderTimeout): read header from client timeout

[2026-02-23 17:44:26.134541 +00:00] WARN [rustfs::server::http] [rustfs/src/server/http.rs:793] [rustfs-worker:ThreadId(21)] The HTTP connection timed out (HeaderTimeout): read header from client timeout

[2026-02-23 17:44:26.178377 +00:00] WARN [rustfs::server::http] [rustfs/src/server/http.rs:793] [rustfs-worker:ThreadId(18)] The HTTP connection timed out (HeaderTimeout): read header from client timeout

[2026-02-23 17:44:26.180388 +00:00] WARN [rustfs::server::http] [rustfs/src/server/http.rs:793] [rustfs-worker:ThreadId(18)] The HTTP connection timed out (HeaderTimeout): read header from client timeout

[2026-02-23 17:44:38.853425 +00:00] WARN [rustfs::server::http] [rustfs/src/server/http.rs:651] [rustfs-worker:ThreadId(33)] Failed to propagate tracing context: `SpanDisabled`

[2026-02-23 17:44:38.857155 +00:00] WARN [rustfs::admin::handlers::sts] [rustfs/src/admin/handlers/sts.rs:56] [rustfs-worker:ThreadId(33)] handle AssumeRoleHandle

[2026-02-23 17:44:38.862239 +00:00] WARN [rustfs_policy::auth::credentials] [crates/policy/src/auth/credentials.rs:147] [rustfs-worker:ThreadId(33)] create_new_credentials_with_metadata expiration Some(2026-02-24 5:44:38.0 +00:00:00), access_key: 8D61VSE5UJOSAZ28Q217

[2026-02-23 17:44:39.079119 +00:00] WARN [rustfs::server::http] [rustfs/src/server/http.rs:651] [rustfs-worker:ThreadId(33)] Failed to propagate tracing context: `SpanDisabled`

[2026-02-23 17:44:39.090433 +00:00] WARN [rustfs::server::http] [rustfs/src/server/http.rs:651] [rustfs-worker:ThreadId(33)] Failed to propagate tracing context: `SpanDisabled`

[2026-02-23 17:44:39.117339 +00:00] WARN [rustfs::server::http] [rustfs/src/server/http.rs:651] [rustfs-worker:ThreadId(33)] Failed to propagate tracing context: `SpanDisabled`

[2026-02-23 17:44:39.139948 +00:00] WARN [rustfs::server::http] [rustfs/src/server/http.rs:651] [rustfs-worker:ThreadId(18)] Failed to propagate tracing context: `SpanDisabled`

[2026-02-23 17:44:39.160281 +00:00] WARN [rustfs::server::http] [rustfs/src/server/http.rs:651] [rustfs-worker:ThreadId(33)] Failed to propagate tracing context: `SpanDisabled`

[2026-02-23 17:44:39.177604 +00:00] WARN [rustfs::server::http] [rustfs/src/server/http.rs:651] [rustfs-worker:ThreadId(33)] Failed to propagate tracing context: `SpanDisabled`

[2026-02-23 17:44:39.184208 +00:00] WARN [rustfs::server::http] [rustfs/src/server/http.rs:651] [rustfs-worker:ThreadId(33)] Failed to propagate tracing context: `SpanDisabled`

[2026-02-23 17:44:39.203468 +00:00] WARN [rustfs::server::http] [rustfs/src/server/http.rs:651] [rustfs-worker:ThreadId(33)] Failed to propagate tracing context: `SpanDisabled`

[2026-02-23 17:44:39.307437 +00:00] WARN [rustfs::server::http] [rustfs/src/server/http.rs:651] [rustfs-worker:ThreadId(33)] Failed to propagate tracing context: `SpanDisabled`

[2026-02-23 17:44:39.311113 +00:00] WARN [rustfs::server::http] [rustfs/src/server/http.rs:651] [rustfs-worker:ThreadId(33)] Failed to propagate tracing context: `SpanDisabled`

[2026-02-23 17:44:39.594106 +00:00] WARN [rustfs::server::http] [rustfs/src/server/http.rs:651] [rustfs-worker:ThreadId(33)] Failed to propagate tracing context: `SpanDisabled`

[2026-02-23 17:44:39.604494 +00:00] WARN [rustfs::server::http] [rustfs/src/server/http.rs:651] [rustfs-worker:ThreadId(33)] Failed to propagate tracing context: `SpanDisabled`

[2026-02-23 17:44:39.613370 +00:00] WARN [rustfs::server::http] [rustfs/src/server/http.rs:651] [rustfs-worker:ThreadId(18)] Failed to propagate tracing context: `SpanDisabled`

[2026-02-23 17:44:39.619252 +00:00] WARN [rustfs::server::http] [rustfs/src/server/http.rs:651] [rustfs-worker:ThreadId(18)] Failed to propagate tracing context: `SpanDisabled`

[2026-02-23 17:44:39.622200 +00:00] WARN [rustfs::server::http] [rustfs/src/server/http.rs:651] [rustfs-worker:ThreadId(18)] Failed to propagate tracing context: `SpanDisabled`

[2026-02-23 17:44:39.623173 +00:00] WARN [rustfs::server::http] [rustfs/src/server/http.rs:651] [rustfs-worker:ThreadId(18)] Failed to propagate tracing context: `SpanDisabled`

[2026-02-23 17:44:39.624275 +00:00] WARN [rustfs::server::http] [rustfs/src/server/http.rs:651] [rustfs-worker:ThreadId(18)] Failed to propagate tracing context: `SpanDisabled`

[2026-02-23 17:44:39.645196 +00:00] WARN [rustfs::server::http] [rustfs/src/server/http.rs:651] [rustfs-worker:ThreadId(33)] Failed to propagate tracing context: `SpanDisabled`

[2026-02-23 17:44:39.645223 +00:00] WARN [rustfs::server::http] [rustfs/src/server/http.rs:651] [rustfs-worker:ThreadId(18)] Failed to propagate tracing context: `SpanDisabled`

[2026-02-23 17:44:39.646719 +00:00] WARN [rustfs::server::http] [rustfs/src/server/http.rs:651] [rustfs-worker:ThreadId(21)] Failed to propagate tracing context: `SpanDisabled`

[2026-02-23 17:44:39.650712 +00:00] WARN [rustfs::server::http] [rustfs/src/server/http.rs:651] [rustfs-worker:ThreadId(33)] Failed to propagate tracing context: `SpanDisabled`

[2026-02-23 17:44:39.669745 +00:00] WARN [rustfs::server::http] [rustfs/src/server/http.rs:651] [rustfs-worker:ThreadId(21)] Failed to propagate tracing context: `SpanDisabled`

[2026-02-23 17:44:39.672342 +00:00] WARN [rustfs::server::http] [rustfs/src/server/http.rs:651] [rustfs-worker:ThreadId(21)] Failed to propagate tracing context: `SpanDisabled`

[2026-02-23 17:44:39.680931 +00:00] WARN [rustfs::server::http] [rustfs/src/server/http.rs:651] [rustfs-worker:ThreadId(21)] Failed to propagate tracing context: `SpanDisabled`

[2026-02-23 17:44:39.680991 +00:00] WARN [rustfs::server::http] [rustfs/src/server/http.rs:651] [rustfs-worker:ThreadId(33)] Failed to propagate tracing context: `SpanDisabled`

[2026-02-23 17:44:39.695406 +00:00] WARN [rustfs::server::http] [rustfs/src/server/http.rs:651] [rustfs-worker:ThreadId(18)] Failed to propagate tracing context: `SpanDisabled`

[2026-02-23 17:44:39.698034 +00:00] WARN [rustfs::server::http] [rustfs/src/server/http.rs:651] [rustfs-worker:ThreadId(18)] Failed to propagate tracing context: `SpanDisabled`

[2026-02-23 17:44:39.700689 +00:00] WARN [rustfs::server::http] [rustfs/src/server/http.rs:651] [rustfs-worker:ThreadId(18)] Failed to propagate tracing context: `SpanDisabled`

[2026-02-23 17:44:39.700801 +00:00] WARN [rustfs::server::http] [rustfs/src/server/http.rs:651] [rustfs-worker:ThreadId(33)] Failed to propagate tracing context: `SpanDisabled`

[2026-02-23 17:44:39.716791 +00:00] WARN [rustfs::server::http] [rustfs/src/server/http.rs:651] [rustfs-worker:ThreadId(21)] Failed to propagate tracing context: `SpanDisabled`

[2026-02-23 17:44:39.719504 +00:00] WARN [rustfs::server::http] [rustfs/src/server/http.rs:651] [rustfs-worker:ThreadId(21)] Failed to propagate tracing context: `SpanDisabled`

[2026-02-23 17:44:39.745452 +00:00] WARN [rustfs::server::http] [rustfs/src/server/http.rs:651] [rustfs-worker:ThreadId(21)] Failed to propagate tracing context: `SpanDisabled`

[2026-02-23 17:44:39.745504 +00:00] WARN [rustfs::server::http] [rustfs/src/server/http.rs:651] [rustfs-worker:ThreadId(33)] Failed to propagate tracing context: `SpanDisabled`

[2026-02-23 17:44:39.745691 +00:00] WARN [rustfs::server::http] [rustfs/src/server/http.rs:651] [rustfs-worker:ThreadId(18)] Failed to propagate tracing context: `SpanDisabled`

[2026-02-23 17:44:39.745837 +00:00] WARN [rustfs::server::http] [rustfs/src/server/http.rs:651] [rustfs-worker:ThreadId(22)] Failed to propagate tracing context: `SpanDisabled`

[2026-02-23 17:44:39.755810 +00:00] WARN [rustfs::server::http] [rustfs/src/server/http.rs:651] [rustfs-worker:ThreadId(25)] Failed to propagate tracing context: `SpanDisabled`

[2026-02-23 17:44:39.758111 +00:00] WARN [rustfs::server::http] [rustfs/src/server/http.rs:651] [rustfs-worker:ThreadId(25)] Failed to propagate tracing context: `SpanDisabled`

[2026-02-23 17:44:39.758169 +00:00] WARN [rustfs::server::http] [rustfs/src/server/http.rs:651] [rustfs-worker:ThreadId(18)] Failed to propagate tracing context: `SpanDisabled`

[2026-02-23 17:44:39.758265 +00:00] WARN [rustfs::server::http] [rustfs/src/server/http.rs:651] [rustfs-worker:ThreadId(33)] Failed to propagate tracing context: `SpanDisabled`

[2026-02-23 17:44:39.769184 +00:00] WARN [rustfs::server::http] [rustfs/src/server/http.rs:651] [rustfs-worker:ThreadId(21)] Failed to propagate tracing context: `SpanDisabled`

[2026-02-23 17:44:39.774317 +00:00] WARN [rustfs::server::http] [rustfs/src/server/http.rs:651] [rustfs-worker:ThreadId(21)] Failed to propagate tracing context: `SpanDisabled`

[2026-02-23 17:44:39.780377 +00:00] WARN [rustfs::server::http] [rustfs/src/server/http.rs:651] [rustfs-worker:ThreadId(21)] Failed to propagate tracing context: `SpanDisabled`

[2026-02-23 17:44:39.782504 +00:00] WARN [rustfs::server::http] [rustfs/src/server/http.rs:651] [rustfs-worker:ThreadId(21)] Failed to propagate tracing context: `SpanDisabled`

[2026-02-23 17:44:39.782568 +00:00] WARN [rustfs::server::http] [rustfs/src/server/http.rs:651] [rustfs-worker:ThreadId(18)] Failed to propagate tracing context: `SpanDisabled`

[2026-02-23 17:44:39.782825 +00:00] WARN [rustfs::server::http] [rustfs/src/server/http.rs:651] [rustfs-worker:ThreadId(25)] Failed to propagate tracing context: `SpanDisabled`

[2026-02-23 17:44:39.792496 +00:00] WARN [rustfs::server::http] [rustfs/src/server/http.rs:651] [rustfs-worker:ThreadId(18)] Failed to propagate tracing context: `SpanDisabled`

[2026-02-23 17:44:39.794750 +00:00] WARN [rustfs::server::http] [rustfs/src/server/http.rs:651] [rustfs-worker:ThreadId(18)] Failed to propagate tracing context: `SpanDisabled`

[2026-02-23 17:44:39.802914 +00:00] WARN [rustfs::server::http] [rustfs/src/server/http.rs:651] [rustfs-worker:ThreadId(18)] Failed to propagate tracing context: `SpanDisabled`

[2026-02-23 17:44:39.802994 +00:00] WARN [rustfs::server::http] [rustfs/src/server/http.rs:651] [rustfs-worker:ThreadId(21)] Failed to propagate tracing context: `SpanDisabled`

[2026-02-23 17:44:39.804883 +00:00] WARN [rustfs::server::http] [rustfs/src/server/http.rs:651] [rustfs-worker:ThreadId(33)] Failed to propagate tracing context: `SpanDisabled`

[2026-02-23 17:44:39.804882 +00:00] WARN [rustfs::server::http] [rustfs/src/server/http.rs:651] [rustfs-worker:ThreadId(25)] Failed to propagate tracing context: `SpanDisabled`

[2026-02-23 17:44:39.806722 +00:00] WARN [rustfs::server::http] [rustfs/src/server/http.rs:651] [rustfs-worker:ThreadId(22)] Failed to propagate tracing context: `SpanDisabled`

[2026-02-23 17:44:39.809305 +00:00] WARN [rustfs::server::http] [rustfs/src/server/http.rs:651] [rustfs-worker:ThreadId(21)] Failed to propagate tracing context: `SpanDisabled`

[2026-02-23 17:44:39.821159 +00:00] WARN [rustfs::server::http] [rustfs/src/server/http.rs:651] [rustfs-worker:ThreadId(33)] Failed to propagate tracing context: `SpanDisabled`

[2026-02-23 17:44:39.823453 +00:00] WARN [rustfs::server::http] [rustfs/src/server/http.rs:651] [rustfs-worker:ThreadId(33)] Failed to propagate tracing context: `SpanDisabled`

[2026-02-23 17:44:39.823584 +00:00] WARN [rustfs::server::http] [rustfs/src/server/http.rs:651] [rustfs-worker:ThreadId(22)] Failed to propagate tracing context: `SpanDisabled`

[2026-02-23 17:44:39.832513 +00:00] WARN [rustfs::server::http] [rustfs/src/server/http.rs:651] [rustfs-worker:ThreadId(25)] Failed to propagate tracing context: `SpanDisabled`

[2026-02-23 17:44:39.835455 +00:00] WARN [rustfs::server::http] [rustfs/src/server/http.rs:651] [rustfs-worker:ThreadId(25)] Failed to propagate tracing context: `SpanDisabled`

[2026-02-23 17:44:39.837385 +00:00] WARN [rustfs::server::http] [rustfs/src/server/http.rs:651] [rustfs-worker:ThreadId(25)] Failed to propagate tracing context: `SpanDisabled`

[2026-02-23 17:44:39.837405 +00:00] WARN [rustfs::server::http] [rustfs/src/server/http.rs:651] [rustfs-worker:ThreadId(33)] Failed to propagate tracing context: `SpanDisabled`

[2026-02-23 17:44:39.839566 +00:00] WARN [rustfs::server::http] [rustfs/src/server/http.rs:651] [rustfs-worker:ThreadId(22)] Failed to propagate tracing context: `SpanDisabled`

[2026-02-23 17:44:39.848684 +00:00] WARN [rustfs::server::http] [rustfs/src/server/http.rs:651] [rustfs-worker:ThreadId(25)] Failed to propagate tracing context: `SpanDisabled`

[2026-02-23 17:44:39.851263 +00:00] WARN [rustfs::server::http] [rustfs/src/server/http.rs:651] [rustfs-worker:ThreadId(25)] Failed to propagate tracing context: `SpanDisabled`

[2026-02-23 17:44:39.851281 +00:00] WARN [rustfs::server::http] [rustfs/src/server/http.rs:651] [rustfs-worker:ThreadId(33)] Failed to propagate tracing context: `SpanDisabled`

[2026-02-23 17:44:39.854459 +00:00] WARN [rustfs::server::http] [rustfs/src/server/http.rs:651] [rustfs-worker:ThreadId(22)] Failed to propagate tracing context: `SpanDisabled`

[2026-02-23 17:44:39.854937 +00:00] WARN [rustfs::server::http] [rustfs/src/server/http.rs:651] [rustfs-worker:ThreadId(25)] Failed to propagate tracing context: `SpanDisabled`

[2026-02-23 17:44:39.869913 +00:00] WARN [rustfs::server::http] [rustfs/src/server/http.rs:651] [rustfs-worker:ThreadId(22)] Failed to propagate tracing context: `SpanDisabled`

[2026-02-23 17:44:39.872297 +00:00] WARN [rustfs::server::http] [rustfs/src/server/http.rs:651] [rustfs-worker:ThreadId(22)] Failed to propagate tracing context: `SpanDisabled`

[2026-02-23 17:44:39.872472 +00:00] WARN [rustfs::server::http] [rustfs/src/server/http.rs:651] [rustfs-worker:ThreadId(33)] Failed to propagate tracing context: `SpanDisabled`

[2026-02-23 17:44:39.872583 +00:00] WARN [rustfs::server::http] [rustfs/src/server/http.rs:651] [rustfs-worker:ThreadId(25)] Failed to propagate tracing context: `SpanDisabled`

[2026-02-23 17:44:39.875619 +00:00] WARN [rustfs::server::http] [rustfs/src/server/http.rs:651] [rustfs-worker:ThreadId(21)] Failed to propagate tracing context: `SpanDisabled`

[2026-02-23 17:44:39.880026 +00:00] WARN [rustfs::server::http] [rustfs/src/server/http.rs:651] [rustfs-worker:ThreadId(33)] Failed to propagate tracing context: `SpanDisabled`

[2026-02-23 17:44:39.885518 +00:00] WARN [rustfs::server::http] [rustfs/src/server/http.rs:651] [rustfs-worker:ThreadId(25)] Failed to propagate tracing context: `SpanDisabled`

[2026-02-23 17:44:39.892331 +00:00] WARN [rustfs::server::http] [rustfs/src/server/http.rs:651] [rustfs-worker:ThreadId(33)] Failed to propagate tracing context: `SpanDisabled`

[2026-02-23 17:44:39.896768 +00:00] WARN [rustfs::server::http] [rustfs/src/server/http.rs:651] [rustfs-worker:ThreadId(33)] Failed to propagate tracing context: `SpanDisabled`

[2026-02-23 17:44:39.905119 +00:00] WARN [rustfs::server::http] [rustfs/src/server/http.rs:651] [rustfs-worker:ThreadId(25)] Failed to propagate tracing context: `SpanDisabled`

[2026-02-23 17:44:39.909535 +00:00] WARN [rustfs::server::http] [rustfs/src/server/http.rs:651] [rustfs-worker:ThreadId(25)] Failed to propagate tracing context: `SpanDisabled`

[2026-02-23 17:44:39.915173 +00:00] WARN [rustfs::server::http] [rustfs/src/server/http.rs:651] [rustfs-worker:ThreadId(25)] Failed to propagate tracing context: `SpanDisabled`

[2026-02-23 17:44:39.915235 +00:00] WARN [rustfs::server::http] [rustfs/src/server/http.rs:651] [rustfs-worker:ThreadId(33)] Failed to propagate tracing context: `SpanDisabled`

[2026-02-23 17:44:39.915434 +00:00] WARN [rustfs::server::http] [rustfs/src/server/http.rs:651] [rustfs-worker:ThreadId(22)] Failed to propagate tracing context: `SpanDisabled`

[2026-02-23 17:44:39.915494 +00:00] WARN [rustfs::server::http] [rustfs/src/server/http.rs:651] [rustfs-worker:ThreadId(21)] Failed to propagate tracing context: `SpanDisabled`

[2026-02-23 17:44:39.920028 +00:00] WARN [rustfs::server::http] [rustfs/src/server/http.rs:651] [rustfs-worker:ThreadId(18)] Failed to propagate tracing context: `SpanDisabled`

[2026-02-23 17:44:39.923229 +00:00] WARN [rustfs::server::http] [rustfs/src/server/http.rs:651] [rustfs-worker:ThreadId(21)] Failed to propagate tracing context: `SpanDisabled`

[2026-02-23 17:44:39.929988 +00:00] WARN [rustfs::server::http] [rustfs/src/server/http.rs:651] [rustfs-worker:ThreadId(22)] Failed to propagate tracing context: `SpanDisabled`

[2026-02-23 17:44:39.937086 +00:00] WARN [rustfs::server::http] [rustfs/src/server/http.rs:651] [rustfs-worker:ThreadId(22)] Failed to propagate tracing context: `SpanDisabled`

[2026-02-23 17:44:39.939973 +00:00] WARN [rustfs::server::http] [rustfs/src/server/http.rs:651] [rustfs-worker:ThreadId(22)] Failed to propagate tracing context: `SpanDisabled`

[2026-02-23 17:44:39.944993 +00:00] WARN [rustfs::server::http] [rustfs/src/server/http.rs:651] [rustfs-worker:ThreadId(22)] Failed to propagate tracing context: `SpanDisabled`

[2026-02-23 17:44:39.954282 +00:00] WARN [rustfs::server::http] [rustfs/src/server/http.rs:651] [rustfs-worker:ThreadId(22)] Failed to propagate tracing context: `SpanDisabled`

[2026-02-23 17:44:44.925434 +00:00] WARN [rustfs::server::http] [rustfs/src/server/http.rs:793] [rustfs-worker:ThreadId(25)] The HTTP connection timed out (HeaderTimeout): read header from client timeout

[2026-02-23 17:44:44.925926 +00:00] WARN [rustfs::server::http] [rustfs/src/server/http.rs:793] [rustfs-worker:ThreadId(25)] The HTTP connection timed out (HeaderTimeout): read header from client timeout

[2026-02-23 17:44:44.929662 +00:00] WARN [rustfs::server::http] [rustfs/src/server/http.rs:793] [rustfs-worker:ThreadId(25)] The HTTP connection timed out (HeaderTimeout): read header from client timeout

[2026-02-23 17:44:44.941379 +00:00] WARN [rustfs::server::http] [rustfs/src/server/http.rs:793] [rustfs-worker:ThreadId(25)] The HTTP connection timed out (HeaderTimeout): read header from client timeout

[2026-02-23 17:44:44.943096 +00:00] WARN [rustfs::server::http] [rustfs/src/server/http.rs:793] [rustfs-worker:ThreadId(25)] The HTTP connection timed out (HeaderTimeout): read header from client timeout

[2026-02-23 17:44:44.958019 +00:00] WARN [rustfs::server::http] [rustfs/src/server/http.rs:793] [rustfs-worker:ThreadId(25)] The HTTP connection timed out (HeaderTimeout): read header from client timeout

[2026-02-23 17:49:39.578474 +00:00] WARN [rustfs::server::http] [rustfs/src/server/http.rs:651] [rustfs-worker:ThreadId(25)] Failed to propagate tracing context: `SpanDisabled`

[2026-02-23 17:49:39.613485 +00:00] WARN [rustfs::server::http] [rustfs/src/server/http.rs:651] [rustfs-worker:ThreadId(25)] Failed to propagate tracing context: `SpanDisabled`

[2026-02-23 17:49:39.627261 +00:00] WARN [rustfs::server::http] [rustfs/src/server/http.rs:651] [rustfs-worker:ThreadId(25)] Failed to propagate tracing context: `SpanDisabled`

[2026-02-23 17:49:39.634919 +00:00] WARN [rustfs::server::http] [rustfs/src/server/http.rs:651] [rustfs-worker:ThreadId(25)] Failed to propagate tracing context: `SpanDisabled`

[2026-02-23 17:49:39.638058 +00:00] WARN [rustfs::server::http] [rustfs/src/server/http.rs:651] [rustfs-worker:ThreadId(25)] Failed to propagate tracing context: `SpanDisabled`

[2026-02-23 17:49:39.642762 +00:00] WARN [rustfs::server::http] [rustfs/src/server/http.rs:651] [rustfs-worker:ThreadId(25)] Failed to propagate tracing context: `SpanDisabled`

[2026-02-23 17:49:44.631786 +00:00] WARN [rustfs::server::http] [rustfs/src/server/http.rs:793] [rustfs-worker:ThreadId(25)] The HTTP connection timed out (HeaderTimeout): read header from client timeout

[2026-02-23 17:49:44.640107 +00:00] WARN [rustfs::server::http] [rustfs/src/server/http.rs:793] [rustfs-worker:ThreadId(25)] The HTTP connection timed out (HeaderTimeout): read header from client timeout

[2026-02-23 17:49:44.643743 +00:00] WARN [rustfs::server::http] [rustfs/src/server/http.rs:793] [rustfs-worker:ThreadId(25)] The HTTP connection timed out (HeaderTimeout): read header from client timeout

[2026-02-23 17:49:44.646312 +00:00] WARN [rustfs::server::http] [rustfs/src/server/http.rs:793] [rustfs-worker:ThreadId(25)] The HTTP connection timed out (HeaderTimeout): read header from client timeout

